[0.060s] DEBUG:colcon:Command line arguments: ['/usr/bin/colcon', 'build']
[0.060s] DEBUG:colcon:Parsed command line arguments: Namespace(log_base=None, log_level=None, verb_name='build', build_base='build', install_base='install', merge_install=False, symlink_install=False, test_result_base=None, continue_on_error=False, executor='parallel', parallel_workers=24, event_handlers=None, ignore_user_meta=False, metas=['./colcon.meta'], base_paths=['.'], packages_ignore=None, packages_ignore_regex=None, paths=None, packages_up_to=None, packages_up_to_regex=None, packages_above=None, packages_above_and_dependencies=None, packages_above_depth=None, packages_select_by_dep=None, packages_skip_by_dep=None, packages_skip_up_to=None, packages_select_build_failed=False, packages_skip_build_finished=False, packages_select_test_failures=False, packages_skip_test_passed=False, packages_select=None, packages_skip=None, packages_select_regex=None, packages_skip_regex=None, packages_start=None, packages_end=None, allow_overriding=[], cmake_args=None, cmake_target=None, cmake_target_skip_unavailable=False, cmake_clean_cache=False, cmake_clean_first=False, cmake_force_configure=False, ament_cmake_args=None, catkin_cmake_args=None, catkin_skip_building_tests=False, mixin_files=None, mixin=None, verb_parser=<colcon_mixin.mixin.mixin_argument.MixinArgumentDecorator object at 0x752fbf696c20>, verb_extension=<colcon_core.verb.build.BuildVerb object at 0x752fbf6966e0>, main=<bound method BuildVerb.main of <colcon_core.verb.build.BuildVerb object at 0x752fbf6966e0>>, mixin_verb=('build',))
[0.135s] Level 1:colcon.colcon_core.package_discovery:discover_packages(colcon_meta) check parameters
[0.136s] Level 1:colcon.colcon_core.package_discovery:discover_packages(recursive) check parameters
[0.136s] Level 1:colcon.colcon_core.package_discovery:discover_packages(ignore) check parameters
[0.136s] Level 1:colcon.colcon_core.package_discovery:discover_packages(path) check parameters
[0.136s] Level 1:colcon.colcon_core.package_discovery:discover_packages(colcon_meta) discover
[0.136s] Level 1:colcon.colcon_core.package_discovery:discover_packages(recursive) discover
[0.136s] INFO:colcon.colcon_core.package_discovery:Crawling recursively for packages in '/root/solution/ros2_ws'
[0.136s] Level 1:colcon.colcon_core.package_identification:_identify(.) by extensions ['ignore', 'ignore_ament_install']
[0.136s] Level 1:colcon.colcon_core.package_identification:_identify(.) by extension 'ignore'
[0.136s] Level 1:colcon.colcon_core.package_identification:_identify(.) by extension 'ignore_ament_install'
[0.136s] Level 1:colcon.colcon_core.package_identification:_identify(.) by extensions ['colcon_pkg']
[0.136s] Level 1:colcon.colcon_core.package_identification:_identify(.) by extension 'colcon_pkg'
[0.136s] Level 1:colcon.colcon_core.package_identification:_identify(.) by extensions ['colcon_meta']
[0.136s] Level 1:colcon.colcon_core.package_identification:_identify(.) by extension 'colcon_meta'
[0.136s] Level 1:colcon.colcon_core.package_identification:_identify(.) by extensions ['ros']
[0.136s] Level 1:colcon.colcon_core.package_identification:_identify(.) by extension 'ros'
[0.141s] Level 1:colcon.colcon_core.package_identification:_identify(.) by extensions ['cmake', 'python']
[0.141s] Level 1:colcon.colcon_core.package_identification:_identify(.) by extension 'cmake'
[0.141s] Level 1:colcon.colcon_core.package_identification:_identify(.) by extension 'python'
[0.141s] Level 1:colcon.colcon_core.package_identification:_identify(.) by extensions ['python_setup_py']
[0.141s] Level 1:colcon.colcon_core.package_identification:_identify(.) by extension 'python_setup_py'
[0.142s] Level 1:colcon.colcon_core.package_identification:_identify(build) by extensions ['ignore', 'ignore_ament_install']
[0.142s] Level 1:colcon.colcon_core.package_identification:_identify(build) by extension 'ignore'
[0.142s] Level 1:colcon.colcon_core.package_identification:_identify(build) ignored
[0.142s] Level 1:colcon.colcon_core.package_identification:_identify(install) by extensions ['ignore', 'ignore_ament_install']
[0.142s] Level 1:colcon.colcon_core.package_identification:_identify(install) by extension 'ignore'
[0.142s] Level 1:colcon.colcon_core.package_identification:_identify(install) ignored
[0.142s] Level 1:colcon.colcon_core.package_identification:_identify(log) by extensions ['ignore', 'ignore_ament_install']
[0.142s] Level 1:colcon.colcon_core.package_identification:_identify(log) by extension 'ignore'
[0.142s] Level 1:colcon.colcon_core.package_identification:_identify(log) ignored
[0.142s] Level 1:colcon.colcon_core.package_identification:_identify(src) by extensions ['ignore', 'ignore_ament_install']
[0.142s] Level 1:colcon.colcon_core.package_identification:_identify(src) by extension 'ignore'
[0.142s] Level 1:colcon.colcon_core.package_identification:_identify(src) by extension 'ignore_ament_install'
[0.142s] Level 1:colcon.colcon_core.package_identification:_identify(src) by extensions ['colcon_pkg']
[0.142s] Level 1:colcon.colcon_core.package_identification:_identify(src) by extension 'colcon_pkg'
[0.142s] Level 1:colcon.colcon_core.package_identification:_identify(src) by extensions ['colcon_meta']
[0.142s] Level 1:colcon.colcon_core.package_identification:_identify(src) by extension 'colcon_meta'
[0.142s] Level 1:colcon.colcon_core.package_identification:_identify(src) by extensions ['ros']
[0.142s] Level 1:colcon.colcon_core.package_identification:_identify(src) by extension 'ros'
[0.142s] Level 1:colcon.colcon_core.package_identification:_identify(src) by extensions ['cmake', 'python']
[0.142s] Level 1:colcon.colcon_core.package_identification:_identify(src) by extension 'cmake'
[0.142s] Level 1:colcon.colcon_core.package_identification:_identify(src) by extension 'python'
[0.142s] Level 1:colcon.colcon_core.package_identification:_identify(src) by extensions ['python_setup_py']
[0.142s] Level 1:colcon.colcon_core.package_identification:_identify(src) by extension 'python_setup_py'
[0.142s] Level 1:colcon.colcon_core.package_identification:_identify(src/solution) by extensions ['ignore', 'ignore_ament_install']
[0.142s] Level 1:colcon.colcon_core.package_identification:_identify(src/solution) by extension 'ignore'
[0.142s] Level 1:colcon.colcon_core.package_identification:_identify(src/solution) by extension 'ignore_ament_install'
[0.142s] Level 1:colcon.colcon_core.package_identification:_identify(src/solution) by extensions ['colcon_pkg']
[0.142s] Level 1:colcon.colcon_core.package_identification:_identify(src/solution) by extension 'colcon_pkg'
[0.142s] Level 1:colcon.colcon_core.package_identification:_identify(src/solution) by extensions ['colcon_meta']
[0.142s] Level 1:colcon.colcon_core.package_identification:_identify(src/solution) by extension 'colcon_meta'
[0.142s] Level 1:colcon.colcon_core.package_identification:_identify(src/solution) by extensions ['ros']
[0.142s] Level 1:colcon.colcon_core.package_identification:_identify(src/solution) by extension 'ros'
[0.143s] DEBUG:colcon.colcon_core.package_identification:Package 'src/solution' with type 'ros.ament_python' and name 'solution'
[0.144s] Level 1:colcon.colcon_core.package_identification:_identify(src/solution_interfaces) by extensions ['ignore', 'ignore_ament_install']
[0.144s] Level 1:colcon.colcon_core.package_identification:_identify(src/solution_interfaces) by extension 'ignore'
[0.144s] Level 1:colcon.colcon_core.package_identification:_identify(src/solution_interfaces) by extension 'ignore_ament_install'
[0.144s] Level 1:colcon.colcon_core.package_identification:_identify(src/solution_interfaces) by extensions ['colcon_pkg']
[0.144s] Level 1:colcon.colcon_core.package_identification:_identify(src/solution_interfaces) by extension 'colcon_pkg'
[0.144s] Level 1:colcon.colcon_core.package_identification:_identify(src/solution_interfaces) by extensions ['colcon_meta']
[0.144s] Level 1:colcon.colcon_core.package_identification:_identify(src/solution_interfaces) by extension 'colcon_meta'
[0.144s] Level 1:colcon.colcon_core.package_identification:_identify(src/solution_interfaces) by extensions ['ros']
[0.144s] Level 1:colcon.colcon_core.package_identification:_identify(src/solution_interfaces) by extension 'ros'
[0.144s] DEBUG:colcon.colcon_core.package_identification:Package 'src/solution_interfaces' with type 'ros.ament_cmake' and name 'solution_interfaces'
[0.144s] Level 1:colcon.colcon_core.package_discovery:discover_packages(recursive) using defaults
[0.144s] Level 1:colcon.colcon_core.package_discovery:discover_packages(ignore) discover
[0.144s] Level 1:colcon.colcon_core.package_discovery:discover_packages(ignore) using defaults
[0.144s] Level 1:colcon.colcon_core.package_discovery:discover_packages(path) discover
[0.144s] Level 1:colcon.colcon_core.package_discovery:discover_packages(path) using defaults
[0.159s] Level 1:colcon.colcon_core.package_discovery:discover_packages(prefix_path) check parameters
[0.159s] Level 1:colcon.colcon_core.package_discovery:discover_packages(prefix_path) discover
[0.159s] DEBUG:colcon.colcon_installed_package_information.package_discovery:Found 13 installed packages in /root/ros2_ws/install
[0.160s] DEBUG:colcon.colcon_installed_package_information.package_discovery:Found 309 installed packages in /opt/ros/humble
[0.161s] Level 1:colcon.colcon_core.package_discovery:discover_packages(prefix_path) using defaults
[0.180s] Level 5:colcon.colcon_core.verb:set package 'solution_interfaces' build argument 'cmake_args' from command line to 'None'
[0.180s] Level 5:colcon.colcon_core.verb:set package 'solution_interfaces' build argument 'cmake_target' from command line to 'None'
[0.180s] Level 5:colcon.colcon_core.verb:set package 'solution_interfaces' build argument 'cmake_target_skip_unavailable' from command line to 'False'
[0.180s] Level 5:colcon.colcon_core.verb:set package 'solution_interfaces' build argument 'cmake_clean_cache' from command line to 'False'
[0.180s] Level 5:colcon.colcon_core.verb:set package 'solution_interfaces' build argument 'cmake_clean_first' from command line to 'False'
[0.180s] Level 5:colcon.colcon_core.verb:set package 'solution_interfaces' build argument 'cmake_force_configure' from command line to 'False'
[0.180s] Level 5:colcon.colcon_core.verb:set package 'solution_interfaces' build argument 'ament_cmake_args' from command line to 'None'
[0.180s] Level 5:colcon.colcon_core.verb:set package 'solution_interfaces' build argument 'catkin_cmake_args' from command line to 'None'
[0.180s] Level 5:colcon.colcon_core.verb:set package 'solution_interfaces' build argument 'catkin_skip_building_tests' from command line to 'False'
[0.180s] DEBUG:colcon.colcon_core.verb:Building package 'solution_interfaces' with the following arguments: {'ament_cmake_args': None, 'build_base': '/root/solution/ros2_ws/build/solution_interfaces', 'catkin_cmake_args': None, 'catkin_skip_building_tests': False, 'cmake_args': None, 'cmake_clean_cache': False, 'cmake_clean_first': False, 'cmake_force_configure': False, 'cmake_target': None, 'cmake_target_skip_unavailable': False, 'install_base': '/root/solution/ros2_ws/install/solution_interfaces', 'merge_install': False, 'path': '/root/solution/ros2_ws/src/solution_interfaces', 'symlink_install': False, 'test_result_base': None}
[0.180s] Level 5:colcon.colcon_core.verb:set package 'solution' build argument 'cmake_args' from command line to 'None'
[0.180s] Level 5:colcon.colcon_core.verb:set package 'solution' build argument 'cmake_target' from command line to 'None'
[0.180s] Level 5:colcon.colcon_core.verb:set package 'solution' build argument 'cmake_target_skip_unavailable' from command line to 'False'
[0.180s] Level 5:colcon.colcon_core.verb:set package 'solution' build argument 'cmake_clean_cache' from command line to 'False'
[0.180s] Level 5:colcon.colcon_core.verb:set package 'solution' build argument 'cmake_clean_first' from command line to 'False'
[0.180s] Level 5:colcon.colcon_core.verb:set package 'solution' build argument 'cmake_force_configure' from command line to 'False'
[0.180s] Level 5:colcon.colcon_core.verb:set package 'solution' build argument 'ament_cmake_args' from command line to 'None'
[0.180s] Level 5:colcon.colcon_core.verb:set package 'solution' build argument 'catkin_cmake_args' from command line to 'None'
[0.180s] Level 5:colcon.colcon_core.verb:set package 'solution' build argument 'catkin_skip_building_tests' from command line to 'False'
[0.180s] DEBUG:colcon.colcon_core.verb:Building package 'solution' with the following arguments: {'ament_cmake_args': None, 'build_base': '/root/solution/ros2_ws/build/solution', 'catkin_cmake_args': None, 'catkin_skip_building_tests': False, 'cmake_args': None, 'cmake_clean_cache': False, 'cmake_clean_first': False, 'cmake_force_configure': False, 'cmake_target': None, 'cmake_target_skip_unavailable': False, 'install_base': '/root/solution/ros2_ws/install/solution', 'merge_install': False, 'path': '/root/solution/ros2_ws/src/solution', 'symlink_install': False, 'test_result_base': None}
[0.180s] INFO:colcon.colcon_core.executor:Executing jobs using 'parallel' executor
[0.181s] DEBUG:colcon.colcon_parallel_executor.executor.parallel:run_until_complete
[0.181s] INFO:colcon.colcon_ros.task.ament_cmake.build:Building ROS package in '/root/solution/ros2_ws/src/solution_interfaces' with build type 'ament_cmake'
[0.181s] INFO:colcon.colcon_cmake.task.cmake.build:Building CMake package in '/root/solution/ros2_ws/src/solution_interfaces'
[0.182s] INFO:colcon.colcon_core.plugin_system:Skipping extension 'colcon_core.shell.bat': Not used on non-Windows systems
[0.182s] INFO:colcon.colcon_core.shell:Skip shell extension 'powershell' for command environment: Not usable outside of PowerShell
[0.182s] DEBUG:colcon.colcon_core.shell:Skip shell extension 'dsv' for command environment
[0.187s] DEBUG:colcon.colcon_core.event_handler.log_command:Invoking command in '/root/solution/ros2_ws/build/solution_interfaces': CMAKE_PREFIX_PATH=${CMAKE_PREFIX_PATH}:/opt/ros/humble /usr/bin/cmake /root/solution/ros2_ws/src/solution_interfaces -DCMAKE_INSTALL_PREFIX=/root/solution/ros2_ws/install/solution_interfaces
[1.469s] DEBUG:colcon.colcon_core.event_handler.log_command:Invoked command in '/root/solution/ros2_ws/build/solution_interfaces' returned '0': CMAKE_PREFIX_PATH=${CMAKE_PREFIX_PATH}:/opt/ros/humble /usr/bin/cmake /root/solution/ros2_ws/src/solution_interfaces -DCMAKE_INSTALL_PREFIX=/root/solution/ros2_ws/install/solution_interfaces
[1.469s] DEBUG:colcon.colcon_core.event_handler.log_command:Invoking command in '/root/solution/ros2_ws/build/solution_interfaces': CMAKE_PREFIX_PATH=${CMAKE_PREFIX_PATH}:/opt/ros/humble /usr/bin/cmake --build /root/solution/ros2_ws/build/solution_interfaces -- -j24 -l24
[2.556s] DEBUG:colcon.colcon_core.event_handler.log_command:Invoked command in '/root/solution/ros2_ws/build/solution_interfaces' returned '0': CMAKE_PREFIX_PATH=${CMAKE_PREFIX_PATH}:/opt/ros/humble /usr/bin/cmake --build /root/solution/ros2_ws/build/solution_interfaces -- -j24 -l24
[2.569s] DEBUG:colcon.colcon_core.event_handler.log_command:Invoking command in '/root/solution/ros2_ws/build/solution_interfaces': CMAKE_PREFIX_PATH=${CMAKE_PREFIX_PATH}:/opt/ros/humble /usr/bin/cmake --install /root/solution/ros2_ws/build/solution_interfaces
[2.626s] Level 1:colcon.colcon_core.environment:create_environment_scripts_only(solution_interfaces)
[2.627s] DEBUG:colcon.colcon_core.event_handler.log_command:Invoked command in '/root/solution/ros2_ws/build/solution_interfaces' returned '0': CMAKE_PREFIX_PATH=${CMAKE_PREFIX_PATH}:/opt/ros/humble /usr/bin/cmake --install /root/solution/ros2_ws/build/solution_interfaces
[2.630s] Level 1:colcon.colcon_core.environment:checking '/root/solution/ros2_ws/install/solution_interfaces' for CMake module files
[2.631s] Level 1:colcon.colcon_core.environment:checking '/root/solution/ros2_ws/install/solution_interfaces' for CMake config files
[2.631s] Level 1:colcon.colcon_core.shell:create_environment_hook('solution_interfaces', 'cmake_prefix_path')
[2.631s] INFO:colcon.colcon_core.shell:Creating environment hook '/root/solution/ros2_ws/install/solution_interfaces/share/solution_interfaces/hook/cmake_prefix_path.ps1'
[2.631s] INFO:colcon.colcon_core.shell:Creating environment descriptor '/root/solution/ros2_ws/install/solution_interfaces/share/solution_interfaces/hook/cmake_prefix_path.dsv'
[2.631s] INFO:colcon.colcon_core.shell:Creating environment hook '/root/solution/ros2_ws/install/solution_interfaces/share/solution_interfaces/hook/cmake_prefix_path.sh'
[2.632s] Level 1:colcon.colcon_core.environment:checking '/root/solution/ros2_ws/install/solution_interfaces/lib'
[2.632s] Level 1:colcon.colcon_core.shell:create_environment_hook('solution_interfaces', 'ld_library_path_lib')
[2.632s] INFO:colcon.colcon_core.shell:Creating environment hook '/root/solution/ros2_ws/install/solution_interfaces/share/solution_interfaces/hook/ld_library_path_lib.ps1'
[2.632s] INFO:colcon.colcon_core.shell:Creating environment descriptor '/root/solution/ros2_ws/install/solution_interfaces/share/solution_interfaces/hook/ld_library_path_lib.dsv'
[2.632s] INFO:colcon.colcon_core.shell:Creating environment hook '/root/solution/ros2_ws/install/solution_interfaces/share/solution_interfaces/hook/ld_library_path_lib.sh'
[2.632s] Level 1:colcon.colcon_core.environment:checking '/root/solution/ros2_ws/install/solution_interfaces/bin'
[2.632s] Level 1:colcon.colcon_core.environment:checking '/root/solution/ros2_ws/install/solution_interfaces/lib/pkgconfig/solution_interfaces.pc'
[2.632s] Level 1:colcon.colcon_core.environment:checking '/root/solution/ros2_ws/install/solution_interfaces/lib/python3.10/site-packages'
[2.633s] Level 1:colcon.colcon_core.environment:checking '/root/solution/ros2_ws/install/solution_interfaces/bin'
[2.633s] INFO:colcon.colcon_core.shell:Creating package script '/root/solution/ros2_ws/install/solution_interfaces/share/solution_interfaces/package.ps1'
[2.633s] INFO:colcon.colcon_core.shell:Creating package descriptor '/root/solution/ros2_ws/install/solution_interfaces/share/solution_interfaces/package.dsv'
[2.634s] INFO:colcon.colcon_core.shell:Creating package script '/root/solution/ros2_ws/install/solution_interfaces/share/solution_interfaces/package.sh'
[2.634s] INFO:colcon.colcon_core.shell:Creating package script '/root/solution/ros2_ws/install/solution_interfaces/share/solution_interfaces/package.bash'
[2.634s] INFO:colcon.colcon_core.shell:Creating package script '/root/solution/ros2_ws/install/solution_interfaces/share/solution_interfaces/package.zsh'
[2.635s] Level 1:colcon.colcon_core.environment:create_file_with_runtime_dependencies(/root/solution/ros2_ws/install/solution_interfaces/share/colcon-core/packages/solution_interfaces)
[2.635s] Level 1:colcon.colcon_core.environment:create_environment_scripts_only(solution_interfaces)
[2.635s] Level 1:colcon.colcon_core.environment:checking '/root/solution/ros2_ws/install/solution_interfaces' for CMake module files
[2.635s] Level 1:colcon.colcon_core.environment:checking '/root/solution/ros2_ws/install/solution_interfaces' for CMake config files
[2.636s] Level 1:colcon.colcon_core.shell:create_environment_hook('solution_interfaces', 'cmake_prefix_path')
[2.636s] INFO:colcon.colcon_core.shell:Creating environment hook '/root/solution/ros2_ws/install/solution_interfaces/share/solution_interfaces/hook/cmake_prefix_path.ps1'
[2.636s] INFO:colcon.colcon_core.shell:Creating environment descriptor '/root/solution/ros2_ws/install/solution_interfaces/share/solution_interfaces/hook/cmake_prefix_path.dsv'
[2.636s] INFO:colcon.colcon_core.shell:Creating environment hook '/root/solution/ros2_ws/install/solution_interfaces/share/solution_interfaces/hook/cmake_prefix_path.sh'
[2.636s] Level 1:colcon.colcon_core.environment:checking '/root/solution/ros2_ws/install/solution_interfaces/lib'
[2.636s] Level 1:colcon.colcon_core.shell:create_environment_hook('solution_interfaces', 'ld_library_path_lib')
[2.636s] INFO:colcon.colcon_core.shell:Creating environment hook '/root/solution/ros2_ws/install/solution_interfaces/share/solution_interfaces/hook/ld_library_path_lib.ps1'
[2.636s] INFO:colcon.colcon_core.shell:Creating environment descriptor '/root/solution/ros2_ws/install/solution_interfaces/share/solution_interfaces/hook/ld_library_path_lib.dsv'
[2.637s] INFO:colcon.colcon_core.shell:Creating environment hook '/root/solution/ros2_ws/install/solution_interfaces/share/solution_interfaces/hook/ld_library_path_lib.sh'
[2.637s] Level 1:colcon.colcon_core.environment:checking '/root/solution/ros2_ws/install/solution_interfaces/bin'
[2.637s] Level 1:colcon.colcon_core.environment:checking '/root/solution/ros2_ws/install/solution_interfaces/lib/pkgconfig/solution_interfaces.pc'
[2.637s] Level 1:colcon.colcon_core.environment:checking '/root/solution/ros2_ws/install/solution_interfaces/lib/python3.10/site-packages'
[2.637s] Level 1:colcon.colcon_core.environment:checking '/root/solution/ros2_ws/install/solution_interfaces/bin'
[2.637s] INFO:colcon.colcon_core.shell:Creating package script '/root/solution/ros2_ws/install/solution_interfaces/share/solution_interfaces/package.ps1'
[2.637s] INFO:colcon.colcon_core.shell:Creating package descriptor '/root/solution/ros2_ws/install/solution_interfaces/share/solution_interfaces/package.dsv'
[2.638s] INFO:colcon.colcon_core.shell:Creating package script '/root/solution/ros2_ws/install/solution_interfaces/share/solution_interfaces/package.sh'
[2.638s] INFO:colcon.colcon_core.shell:Creating package script '/root/solution/ros2_ws/install/solution_interfaces/share/solution_interfaces/package.bash'
[2.638s] INFO:colcon.colcon_core.shell:Creating package script '/root/solution/ros2_ws/install/solution_interfaces/share/solution_interfaces/package.zsh'
[2.638s] Level 1:colcon.colcon_core.environment:create_file_with_runtime_dependencies(/root/solution/ros2_ws/install/solution_interfaces/share/colcon-core/packages/solution_interfaces)
[2.638s] INFO:colcon.colcon_ros.task.ament_python.build:Building ROS package in '/root/solution/ros2_ws/src/solution' with build type 'ament_python'
[2.638s] Level 1:colcon.colcon_core.shell:create_environment_hook('solution', 'ament_prefix_path')
[2.639s] INFO:colcon.colcon_core.shell:Creating environment hook '/root/solution/ros2_ws/install/solution/share/solution/hook/ament_prefix_path.ps1'
[2.639s] INFO:colcon.colcon_core.shell:Creating environment descriptor '/root/solution/ros2_ws/install/solution/share/solution/hook/ament_prefix_path.dsv'
[2.639s] INFO:colcon.colcon_core.shell:Creating environment hook '/root/solution/ros2_ws/install/solution/share/solution/hook/ament_prefix_path.sh'
[2.639s] INFO:colcon.colcon_core.shell:Skip shell extension 'powershell' for command environment: Not usable outside of PowerShell
[2.640s] DEBUG:colcon.colcon_core.shell:Skip shell extension 'dsv' for command environment
[2.781s] INFO:colcon.colcon_core.task.python.build:Building Python package in '/root/solution/ros2_ws/src/solution'
[2.781s] INFO:colcon.colcon_core.shell:Skip shell extension 'powershell' for command environment: Not usable outside of PowerShell
[2.781s] DEBUG:colcon.colcon_core.shell:Skip shell extension 'dsv' for command environment
[2.979s] DEBUG:colcon.colcon_core.event_handler.log_command:Invoking command in '/root/solution/ros2_ws/src/solution': AMENT_PREFIX_PATH=/root/solution/ros2_ws/install/solution_interfaces:${AMENT_PREFIX_PATH} CMAKE_PREFIX_PATH=/root/solution/ros2_ws/install/solution_interfaces:${CMAKE_PREFIX_PATH} LD_LIBRARY_PATH=/root/solution/ros2_ws/install/solution_interfaces/lib:${LD_LIBRARY_PATH} PYTHONPATH=/root/solution/ros2_ws/build/solution/prefix_override:/usr/lib/python3/dist-packages/colcon_core/task/python/colcon_distutils_commands:/root/solution/ros2_ws/install/solution/lib/python3.10/site-packages:/root/solution/ros2_ws/install/solution_interfaces/local/lib/python3.10/dist-packages:${PYTHONPATH} /usr/bin/python3 -W ignore:setup.py install is deprecated -W ignore:easy_install command is deprecated setup.py egg_info --egg-base ../../build/solution build --build-base /root/solution/ros2_ws/build/solution/build install --record /root/solution/ros2_ws/build/solution/install.log --single-version-externally-managed install_data
[3.122s] Level 1:colcon.colcon_core.environment:checking '/root/solution/ros2_ws/install/solution' for CMake module files
[3.122s] DEBUG:colcon.colcon_core.event_handler.log_command:Invoked command in '/root/solution/ros2_ws/src/solution' returned '0': AMENT_PREFIX_PATH=/root/solution/ros2_ws/install/solution_interfaces:${AMENT_PREFIX_PATH} CMAKE_PREFIX_PATH=/root/solution/ros2_ws/install/solution_interfaces:${CMAKE_PREFIX_PATH} LD_LIBRARY_PATH=/root/solution/ros2_ws/install/solution_interfaces/lib:${LD_LIBRARY_PATH} PYTHONPATH=/root/solution/ros2_ws/build/solution/prefix_override:/usr/lib/python3/dist-packages/colcon_core/task/python/colcon_distutils_commands:/root/solution/ros2_ws/install/solution/lib/python3.10/site-packages:/root/solution/ros2_ws/install/solution_interfaces/local/lib/python3.10/dist-packages:${PYTHONPATH} /usr/bin/python3 -W ignore:setup.py install is deprecated -W ignore:easy_install command is deprecated setup.py egg_info --egg-base ../../build/solution build --build-base /root/solution/ros2_ws/build/solution/build install --record /root/solution/ros2_ws/build/solution/install.log --single-version-externally-managed install_data
[3.123s] Level 1:colcon.colcon_core.environment:checking '/root/solution/ros2_ws/install/solution' for CMake config files
[3.123s] Level 1:colcon.colcon_core.environment:checking '/root/solution/ros2_ws/install/solution/lib'
[3.123s] Level 1:colcon.colcon_core.environment:checking '/root/solution/ros2_ws/install/solution/bin'
[3.123s] Level 1:colcon.colcon_core.environment:checking '/root/solution/ros2_ws/install/solution/lib/pkgconfig/solution.pc'
[3.123s] Level 1:colcon.colcon_core.environment:checking '/root/solution/ros2_ws/install/solution/lib/python3.10/site-packages'
[3.123s] Level 1:colcon.colcon_core.shell:create_environment_hook('solution', 'pythonpath')
[3.123s] INFO:colcon.colcon_core.shell:Creating environment hook '/root/solution/ros2_ws/install/solution/share/solution/hook/pythonpath.ps1'
[3.123s] INFO:colcon.colcon_core.shell:Creating environment descriptor '/root/solution/ros2_ws/install/solution/share/solution/hook/pythonpath.dsv'
[3.123s] INFO:colcon.colcon_core.shell:Creating environment hook '/root/solution/ros2_ws/install/solution/share/solution/hook/pythonpath.sh'
[3.124s] Level 1:colcon.colcon_core.environment:checking '/root/solution/ros2_ws/install/solution/bin'
[3.124s] Level 1:colcon.colcon_core.environment:create_environment_scripts_only(solution)
[3.124s] INFO:colcon.colcon_core.shell:Creating package script '/root/solution/ros2_ws/install/solution/share/solution/package.ps1'
[3.124s] INFO:colcon.colcon_core.shell:Creating package descriptor '/root/solution/ros2_ws/install/solution/share/solution/package.dsv'
[3.124s] INFO:colcon.colcon_core.shell:Creating package script '/root/solution/ros2_ws/install/solution/share/solution/package.sh'
[3.125s] INFO:colcon.colcon_core.shell:Creating package script '/root/solution/ros2_ws/install/solution/share/solution/package.bash'
[3.125s] INFO:colcon.colcon_core.shell:Creating package script '/root/solution/ros2_ws/install/solution/share/solution/package.zsh'
[3.125s] Level 1:colcon.colcon_core.environment:create_file_with_runtime_dependencies(/root/solution/ros2_ws/install/solution/share/colcon-core/packages/solution)
[3.125s] DEBUG:colcon.colcon_parallel_executor.executor.parallel:closing loop
[3.125s] DEBUG:colcon.colcon_parallel_executor.executor.parallel:loop closed
[3.125s] DEBUG:colcon.colcon_parallel_executor.executor.parallel:run_until_complete finished with '0'
[3.125s] DEBUG:colcon.colcon_core.event_reactor:joining thread
[3.128s] INFO:colcon.colcon_core.plugin_system:Skipping extension 'colcon_notification.desktop_notification.notify_send': Could not find 'notify-send'
[3.128s] INFO:colcon.colcon_core.plugin_system:Skipping extension 'colcon_notification.desktop_notification.terminal_notifier': Not used on non-Darwin systems
[3.128s] INFO:colcon.colcon_core.plugin_system:Skipping extension 'colcon_notification.desktop_notification.win32': Not used on non-Windows systems
[3.128s] INFO:colcon.colcon_notification.desktop_notification:Sending desktop notification using 'notify2'
[3.129s] DEBUG:colcon.colcon_notification.desktop_notification.notify2:Failed to initialize notify2: org.freedesktop.DBus.Error.Spawn.ExecFailed: /usr/bin/dbus-launch terminated abnormally without any error message
[3.129s] DEBUG:colcon.colcon_core.event_reactor:joined thread
[3.130s] INFO:colcon.colcon_core.shell:Creating prefix script '/root/solution/ros2_ws/install/local_setup.ps1'
[3.130s] INFO:colcon.colcon_core.shell:Creating prefix util module '/root/solution/ros2_ws/install/_local_setup_util_ps1.py'
[3.131s] INFO:colcon.colcon_core.shell:Creating prefix chain script '/root/solution/ros2_ws/install/setup.ps1'
[3.131s] INFO:colcon.colcon_core.shell:Creating prefix script '/root/solution/ros2_ws/install/local_setup.sh'
[3.131s] INFO:colcon.colcon_core.shell:Creating prefix util module '/root/solution/ros2_ws/install/_local_setup_util_sh.py'
[3.132s] INFO:colcon.colcon_core.shell:Creating prefix chain script '/root/solution/ros2_ws/install/setup.sh'
[3.132s] INFO:colcon.colcon_core.shell:Creating prefix script '/root/solution/ros2_ws/install/local_setup.bash'
[3.132s] INFO:colcon.colcon_core.shell:Creating prefix chain script '/root/solution/ros2_ws/install/setup.bash'
[3.133s] INFO:colcon.colcon_core.shell:Creating prefix script '/root/solution/ros2_ws/install/local_setup.zsh'
[3.133s] INFO:colcon.colcon_core.shell:Creating prefix chain script '/root/solution/ros2_ws/install/setup.zsh'
