running egg_info
writing ../../build/solution/solution.egg-info/PKG-INFO
writing dependency_links to ../../build/solution/solution.egg-info/dependency_links.txt
writing entry points to ../../build/solution/solution.egg-info/entry_points.txt
writing requirements to ../../build/solution/solution.egg-info/requires.txt
writing top-level names to ../../build/solution/solution.egg-info/top_level.txt
reading manifest file '../../build/solution/solution.egg-info/SOURCES.txt'
adding license file 'LICENSE'
writing manifest file '../../build/solution/solution.egg-info/SOURCES.txt'
running build
running build_py
copying solution/tagger_drone.py -> /root/solution/ros2_ws/build/solution/build/lib/solution
running install
running install_lib
copying /root/solution/ros2_ws/build/solution/build/lib/solution/tagger_drone.py -> /root/solution/ros2_ws/install/solution/lib/python3.10/site-packages/solution
byte-compiling /root/solution/ros2_ws/install/solution/lib/python3.10/site-packages/solution/tagger_drone.py to tagger_drone.cpython-310.pyc
running install_data
running install_egg_info
removing '/root/solution/ros2_ws/install/solution/lib/python3.10/site-packages/solution-0.0.0-py3.10.egg-info' (and everything under it)
Copying ../../build/solution/solution.egg-info to /root/solution/ros2_ws/install/solution/lib/python3.10/site-packages/solution-0.0.0-py3.10.egg-info
running install_scripts
Installing drone_role script to /root/solution/ros2_ws/install/solution/lib/solution
Installing tagger_drone script to /root/solution/ros2_ws/install/solution/lib/solution
writing list of installed files to '/root/solution/ros2_ws/build/solution/install.log'
