[0.948s] Invoking command in '/root/solution/ros2_ws/src/solution': AMENT_PREFIX_PATH=/root/solution/ros2_ws/install/solution_interfaces:${AMENT_PREFIX_PATH} CMAKE_PREFIX_PATH=/root/solution/ros2_ws/install/solution_interfaces:${CMAKE_PREFIX_PATH} LD_LIBRARY_PATH=/root/solution/ros2_ws/install/solution_interfaces/lib:${LD_LIBRARY_PATH} PYTHONPATH=/root/solution/ros2_ws/build/solution/prefix_override:/usr/lib/python3/dist-packages/colcon_core/task/python/colcon_distutils_commands:/root/solution/ros2_ws/install/solution/lib/python3.10/site-packages:/root/solution/ros2_ws/install/solution_interfaces/local/lib/python3.10/dist-packages:${PYTHONPATH} /usr/bin/python3 -W ignore:setup.py install is deprecated -W ignore:easy_install command is deprecated setup.py egg_info --egg-base ../../build/solution build --build-base /root/solution/ros2_ws/build/solution/build install --record /root/solution/ros2_ws/build/solution/install.log --single-version-externally-managed install_data
[1.332s] running egg_info
[1.333s] writing ../../build/solution/solution.egg-info/PKG-INFO
[1.334s] writing dependency_links to ../../build/solution/solution.egg-info/dependency_links.txt
[1.334s] writing entry points to ../../build/solution/solution.egg-info/entry_points.txt
[1.334s] writing requirements to ../../build/solution/solution.egg-info/requires.txt
[1.334s] writing top-level names to ../../build/solution/solution.egg-info/top_level.txt
[1.339s] reading manifest file '../../build/solution/solution.egg-info/SOURCES.txt'
[1.339s] adding license file 'LICENSE'
[1.340s] writing manifest file '../../build/solution/solution.egg-info/SOURCES.txt'
[1.340s] running build
[1.340s] running build_py
[1.340s] copying solution/tagger_drone.py -> /root/solution/ros2_ws/build/solution/build/lib/solution
[1.341s] running install
[1.341s] running install_lib
[1.342s] copying /root/solution/ros2_ws/build/solution/build/lib/solution/tagger_drone.py -> /root/solution/ros2_ws/install/solution/lib/python3.10/site-packages/solution
[1.343s] byte-compiling /root/solution/ros2_ws/install/solution/lib/python3.10/site-packages/solution/tagger_drone.py to tagger_drone.cpython-310.pyc
[1.348s] running install_data
[1.348s] running install_egg_info
[1.350s] removing '/root/solution/ros2_ws/install/solution/lib/python3.10/site-packages/solution-0.0.0-py3.10.egg-info' (and everything under it)
[1.351s] Copying ../../build/solution/solution.egg-info to /root/solution/ros2_ws/install/solution/lib/python3.10/site-packages/solution-0.0.0-py3.10.egg-info
[1.352s] running install_scripts
[1.383s] Installing drone_role script to /root/solution/ros2_ws/install/solution/lib/solution
[1.384s] Installing tagger_drone script to /root/solution/ros2_ws/install/solution/lib/solution
[1.384s] writing list of installed files to '/root/solution/ros2_ws/build/solution/install.log'
[1.418s] Invoked command in '/root/solution/ros2_ws/src/solution' returned '0': AMENT_PREFIX_PATH=/root/solution/ros2_ws/install/solution_interfaces:${AMENT_PREFIX_PATH} CMAKE_PREFIX_PATH=/root/solution/ros2_ws/install/solution_interfaces:${CMAKE_PREFIX_PATH} LD_LIBRARY_PATH=/root/solution/ros2_ws/install/solution_interfaces/lib:${LD_LIBRARY_PATH} PYTHONPATH=/root/solution/ros2_ws/build/solution/prefix_override:/usr/lib/python3/dist-packages/colcon_core/task/python/colcon_distutils_commands:/root/solution/ros2_ws/install/solution/lib/python3.10/site-packages:/root/solution/ros2_ws/install/solution_interfaces/local/lib/python3.10/dist-packages:${PYTHONPATH} /usr/bin/python3 -W ignore:setup.py install is deprecated -W ignore:easy_install command is deprecated setup.py egg_info --egg-base ../../build/solution build --build-base /root/solution/ros2_ws/build/solution/build install --record /root/solution/ros2_ws/build/solution/install.log --single-version-externally-managed install_data
