-- The C compiler identification is GNU 11.4.0
-- The CXX compiler identification is GNU 11.4.0
-- Detecting C compiler ABI info
-- Detecting C compiler ABI info - done
-- Check for working C compiler: /usr/bin/cc - skipped
-- Detecting C compile features
-- Detecting C compile features - done
-- Detecting CXX compiler ABI info
-- Detecting CXX compiler ABI info - done
-- Check for working CXX compiler: /usr/bin/c++ - skipped
-- Detecting CXX compile features
-- Detecting CXX compile features - done
-- Found ament_cmake: 1.3.12 (/opt/ros/humble/share/ament_cmake/cmake)
-- Found Python3: /usr/bin/python3 (found version "3.10.12") found components: Interpreter 
-- Found geometry_msgs: 4.9.0 (/opt/ros/humble/share/geometry_msgs/cmake)
-- Found rosidl_generator_c: 3.1.7 (/opt/ros/humble/share/rosidl_generator_c/cmake)
-- Found rosidl_adapter: 3.1.7 (/opt/ros/humble/share/rosidl_adapter/cmake)
-- Found rosidl_generator_cpp: 3.1.7 (/opt/ros/humble/share/rosidl_generator_cpp/cmake)
-- Using all available rosidl_typesupport_c: rosidl_typesupport_fastrtps_c;rosidl_typesupport_introspection_c
-- Using all available rosidl_typesupport_cpp: rosidl_typesupport_fastrtps_cpp;rosidl_typesupport_introspection_cpp
-- Found rosidl_default_generators: 1.2.0 (/opt/ros/humble/share/rosidl_default_generators/cmake)
-- Found ament_cmake_ros: 0.10.0 (/opt/ros/humble/share/ament_cmake_ros/cmake)
-- Using all available rosidl_typesupport_c: rosidl_typesupport_fastrtps_c;rosidl_typesupport_introspection_c
-- Using all available rosidl_typesupport_cpp: rosidl_typesupport_fastrtps_cpp;rosidl_typesupport_introspection_cpp
-- Found PythonInterp: /usr/bin/python3 (found suitable version "3.10.12", minimum required is "3.6") 
-- Found python_cmake_module: 0.10.0 (/opt/ros/humble/share/python_cmake_module/cmake)
-- Found PythonLibs: /usr/lib/x86_64-linux-gnu/libpython3.10.so (found suitable version "3.10.12", minimum required is "3.5") 
-- Using PYTHON_EXECUTABLE: /usr/bin/python3
-- Using PYTHON_INCLUDE_DIRS: /usr/include/python3.10
-- Using PYTHON_LIBRARIES: /usr/lib/x86_64-linux-gnu/libpython3.10.so
-- Found PythonExtra: .so  
-- Found ament_lint_auto: 0.12.14 (/opt/ros/humble/share/ament_lint_auto/cmake)
-- Added test 'lint_cmake' to check CMake code style
-- Added test 'xmllint' to check XML markup files
-- Configuring done
-- Generating done
-- Build files have been written to: /root/solution/ros2_ws/build/solution_interfaces
[  3%] [34m[1mGenerating C code for ROS interfaces[0m
[  6%] [34m[1mGenerating C++ code for ROS interfaces[0m
[  6%] Built target ament_cmake_python_copy_solution_interfaces
running egg_info
creating solution_interfaces.egg-info
writing solution_interfaces.egg-info/PKG-INFO
writing dependency_links to solution_interfaces.egg-info/dependency_links.txt
writing top-level names to solution_interfaces.egg-info/top_level.txt
writing manifest file 'solution_interfaces.egg-info/SOURCES.txt'
[  9%] Built target solution_interfaces__cpp
[  9%] [32mBuilding C object CMakeFiles/solution_interfaces__rosidl_generator_c.dir/rosidl_generator_c/solution_interfaces/srv/detail/assign__functions.c.o[0m
reading manifest file 'solution_interfaces.egg-info/SOURCES.txt'
writing manifest file 'solution_interfaces.egg-info/SOURCES.txt'
[ 12%] [34m[1mGenerating C++ introspection for ROS interfaces[0m
[ 19%] [34m[1mGenerating C++ type support for eProsima Fast-RTPS[0m
[ 19%] [34m[1mGenerating C++ type support dispatch for ROS interfaces[0m
[ 19%] Built target ament_cmake_python_build_solution_interfaces_egg
[ 22%] [32m[1mLinking C shared library libsolution_interfaces__rosidl_generator_c.so[0m
[ 22%] Built target solution_interfaces__rosidl_generator_c
[ 25%] [34m[1mGenerating C type support for eProsima Fast-RTPS[0m
[ 29%] [34m[1mGenerating C introspection for ROS interfaces[0m
[ 32%] [34m[1mGenerating C type support dispatch for ROS interfaces[0m
[ 35%] [32mBuilding CXX object CMakeFiles/solution_interfaces__rosidl_typesupport_cpp.dir/rosidl_typesupport_cpp/solution_interfaces/srv/assign__type_support.cpp.o[0m
[ 38%] [32mBuilding CXX object CMakeFiles/solution_interfaces__rosidl_typesupport_introspection_cpp.dir/rosidl_typesupport_introspection_cpp/solution_interfaces/srv/detail/assign__type_support.cpp.o[0m
[ 41%] [32mBuilding CXX object CMakeFiles/solution_interfaces__rosidl_typesupport_fastrtps_cpp.dir/rosidl_typesupport_fastrtps_cpp/solution_interfaces/srv/detail/dds_fastrtps/assign__type_support.cpp.o[0m
[ 45%] [32mBuilding CXX object CMakeFiles/solution_interfaces__rosidl_typesupport_c.dir/rosidl_typesupport_c/solution_interfaces/srv/assign__type_support.cpp.o[0m
[ 48%] [32mBuilding C object CMakeFiles/solution_interfaces__rosidl_typesupport_introspection_c.dir/rosidl_typesupport_introspection_c/solution_interfaces/srv/detail/assign__type_support.c.o[0m
[ 51%] [32mBuilding CXX object CMakeFiles/solution_interfaces__rosidl_typesupport_fastrtps_c.dir/rosidl_typesupport_fastrtps_c/solution_interfaces/srv/detail/assign__type_support_c.cpp.o[0m
[ 54%] [32m[1mLinking CXX shared library libsolution_interfaces__rosidl_typesupport_c.so[0m
[ 58%] [32m[1mLinking C shared library libsolution_interfaces__rosidl_typesupport_introspection_c.so[0m
[ 58%] Built target solution_interfaces__rosidl_typesupport_c
[ 58%] Built target solution_interfaces__rosidl_typesupport_introspection_c
[ 61%] [32m[1mLinking CXX shared library libsolution_interfaces__rosidl_typesupport_cpp.so[0m
[ 61%] Built target solution_interfaces__rosidl_typesupport_cpp
[ 64%] [32m[1mLinking CXX shared library libsolution_interfaces__rosidl_typesupport_introspection_cpp.so[0m
[ 67%] [32m[1mLinking CXX shared library libsolution_interfaces__rosidl_typesupport_fastrtps_cpp.so[0m
[ 67%] Built target solution_interfaces__rosidl_typesupport_introspection_cpp
[ 70%] [32m[1mLinking CXX shared library libsolution_interfaces__rosidl_typesupport_fastrtps_c.so[0m
[ 70%] Built target solution_interfaces__rosidl_typesupport_fastrtps_cpp
[ 70%] Built target solution_interfaces__rosidl_typesupport_fastrtps_c
[ 70%] Built target solution_interfaces
[ 74%] [34m[1mGenerating Python code for ROS interfaces[0m
[ 74%] Built target solution_interfaces__py
[ 77%] [32mBuilding C object CMakeFiles/solution_interfaces__rosidl_generator_py.dir/rosidl_generator_py/solution_interfaces/srv/_assign_s.c.o[0m
[ 80%] [32m[1mLinking C shared library rosidl_generator_py/solution_interfaces/libsolution_interfaces__rosidl_generator_py.so[0m
[ 80%] Built target solution_interfaces__rosidl_generator_py
[ 83%] [32mBuilding C object CMakeFiles/solution_interfaces__rosidl_typesupport_c__pyext.dir/rosidl_generator_py/solution_interfaces/_solution_interfaces_s.ep.rosidl_typesupport_c.c.o[0m
[ 87%] [32mBuilding C object CMakeFiles/solution_interfaces__rosidl_typesupport_introspection_c__pyext.dir/rosidl_generator_py/solution_interfaces/_solution_interfaces_s.ep.rosidl_typesupport_introspection_c.c.o[0m
[ 90%] [32mBuilding C object CMakeFiles/solution_interfaces__rosidl_typesupport_fastrtps_c__pyext.dir/rosidl_generator_py/solution_interfaces/_solution_interfaces_s.ep.rosidl_typesupport_fastrtps_c.c.o[0m
[ 93%] [32m[1mLinking C shared library rosidl_generator_py/solution_interfaces/solution_interfaces_s__rosidl_typesupport_introspection_c.cpython-310-x86_64-linux-gnu.so[0m
[ 96%] [32m[1mLinking C shared library rosidl_generator_py/solution_interfaces/solution_interfaces_s__rosidl_typesupport_c.cpython-310-x86_64-linux-gnu.so[0m
[100%] [32m[1mLinking C shared library rosidl_generator_py/solution_interfaces/solution_interfaces_s__rosidl_typesupport_fastrtps_c.cpython-310-x86_64-linux-gnu.so[0m
[100%] Built target solution_interfaces__rosidl_typesupport_c__pyext
[100%] Built target solution_interfaces__rosidl_typesupport_introspection_c__pyext
[100%] Built target solution_interfaces__rosidl_typesupport_fastrtps_c__pyext
-- Install configuration: ""
-- Installing: /root/solution/ros2_ws/install/solution_interfaces/share/ament_index/resource_index/rosidl_interfaces/solution_interfaces
-- Installing: /root/solution/ros2_ws/install/solution_interfaces/include/solution_interfaces/solution_interfaces
-- Installing: /root/solution/ros2_ws/install/solution_interfaces/include/solution_interfaces/solution_interfaces/msg
-- Installing: /root/solution/ros2_ws/install/solution_interfaces/include/solution_interfaces/solution_interfaces/msg/rosidl_generator_c__visibility_control.h
-- Installing: /root/solution/ros2_ws/install/solution_interfaces/include/solution_interfaces/solution_interfaces/srv
-- Installing: /root/solution/ros2_ws/install/solution_interfaces/include/solution_interfaces/solution_interfaces/srv/assign.h
-- Installing: /root/solution/ros2_ws/install/solution_interfaces/include/solution_interfaces/solution_interfaces/srv/detail
-- Installing: /root/solution/ros2_ws/install/solution_interfaces/include/solution_interfaces/solution_interfaces/srv/detail/assign__struct.h
-- Installing: /root/solution/ros2_ws/install/solution_interfaces/include/solution_interfaces/solution_interfaces/srv/detail/assign__type_support.h
-- Installing: /root/solution/ros2_ws/install/solution_interfaces/include/solution_interfaces/solution_interfaces/srv/detail/assign__functions.c
-- Installing: /root/solution/ros2_ws/install/solution_interfaces/include/solution_interfaces/solution_interfaces/srv/detail/assign__functions.h
-- Installing: /root/solution/ros2_ws/install/solution_interfaces/share/solution_interfaces/environment/library_path.sh
-- Installing: /root/solution/ros2_ws/install/solution_interfaces/share/solution_interfaces/environment/library_path.dsv
-- Installing: /root/solution/ros2_ws/install/solution_interfaces/lib/libsolution_interfaces__rosidl_generator_c.so
-- Set runtime path of "/root/solution/ros2_ws/install/solution_interfaces/lib/libsolution_interfaces__rosidl_generator_c.so" to ""
-- Up-to-date: /root/solution/ros2_ws/install/solution_interfaces/include/solution_interfaces/solution_interfaces
-- Up-to-date: /root/solution/ros2_ws/install/solution_interfaces/include/solution_interfaces/solution_interfaces/msg
-- Installing: /root/solution/ros2_ws/install/solution_interfaces/include/solution_interfaces/solution_interfaces/msg/rosidl_typesupport_fastrtps_c__visibility_control.h
-- Up-to-date: /root/solution/ros2_ws/install/solution_interfaces/include/solution_interfaces/solution_interfaces/srv
-- Up-to-date: /root/solution/ros2_ws/install/solution_interfaces/include/solution_interfaces/solution_interfaces/srv/detail
-- Installing: /root/solution/ros2_ws/install/solution_interfaces/include/solution_interfaces/solution_interfaces/srv/detail/assign__rosidl_typesupport_fastrtps_c.h
-- Installing: /root/solution/ros2_ws/install/solution_interfaces/lib/libsolution_interfaces__rosidl_typesupport_fastrtps_c.so
-- Set runtime path of "/root/solution/ros2_ws/install/solution_interfaces/lib/libsolution_interfaces__rosidl_typesupport_fastrtps_c.so" to ""
-- Up-to-date: /root/solution/ros2_ws/install/solution_interfaces/include/solution_interfaces/solution_interfaces
-- Up-to-date: /root/solution/ros2_ws/install/solution_interfaces/include/solution_interfaces/solution_interfaces/msg
-- Installing: /root/solution/ros2_ws/install/solution_interfaces/include/solution_interfaces/solution_interfaces/msg/rosidl_generator_cpp__visibility_control.hpp
-- Up-to-date: /root/solution/ros2_ws/install/solution_interfaces/include/solution_interfaces/solution_interfaces/srv
-- Up-to-date: /root/solution/ros2_ws/install/solution_interfaces/include/solution_interfaces/solution_interfaces/srv/detail
-- Installing: /root/solution/ros2_ws/install/solution_interfaces/include/solution_interfaces/solution_interfaces/srv/detail/assign__struct.hpp
-- Installing: /root/solution/ros2_ws/install/solution_interfaces/include/solution_interfaces/solution_interfaces/srv/detail/assign__traits.hpp
-- Installing: /root/solution/ros2_ws/install/solution_interfaces/include/solution_interfaces/solution_interfaces/srv/detail/assign__type_support.hpp
-- Installing: /root/solution/ros2_ws/install/solution_interfaces/include/solution_interfaces/solution_interfaces/srv/detail/assign__builder.hpp
-- Installing: /root/solution/ros2_ws/install/solution_interfaces/include/solution_interfaces/solution_interfaces/srv/assign.hpp
-- Up-to-date: /root/solution/ros2_ws/install/solution_interfaces/include/solution_interfaces/solution_interfaces
-- Up-to-date: /root/solution/ros2_ws/install/solution_interfaces/include/solution_interfaces/solution_interfaces/msg
-- Installing: /root/solution/ros2_ws/install/solution_interfaces/include/solution_interfaces/solution_interfaces/msg/rosidl_typesupport_fastrtps_cpp__visibility_control.h
-- Up-to-date: /root/solution/ros2_ws/install/solution_interfaces/include/solution_interfaces/solution_interfaces/srv
-- Up-to-date: /root/solution/ros2_ws/install/solution_interfaces/include/solution_interfaces/solution_interfaces/srv/detail
-- Installing: /root/solution/ros2_ws/install/solution_interfaces/include/solution_interfaces/solution_interfaces/srv/detail/dds_fastrtps
-- Installing: /root/solution/ros2_ws/install/solution_interfaces/include/solution_interfaces/solution_interfaces/srv/detail/assign__rosidl_typesupport_fastrtps_cpp.hpp
-- Installing: /root/solution/ros2_ws/install/solution_interfaces/lib/libsolution_interfaces__rosidl_typesupport_fastrtps_cpp.so
-- Set runtime path of "/root/solution/ros2_ws/install/solution_interfaces/lib/libsolution_interfaces__rosidl_typesupport_fastrtps_cpp.so" to ""
-- Up-to-date: /root/solution/ros2_ws/install/solution_interfaces/include/solution_interfaces/solution_interfaces
-- Up-to-date: /root/solution/ros2_ws/install/solution_interfaces/include/solution_interfaces/solution_interfaces/msg
-- Installing: /root/solution/ros2_ws/install/solution_interfaces/include/solution_interfaces/solution_interfaces/msg/rosidl_typesupport_introspection_c__visibility_control.h
-- Up-to-date: /root/solution/ros2_ws/install/solution_interfaces/include/solution_interfaces/solution_interfaces/srv
-- Up-to-date: /root/solution/ros2_ws/install/solution_interfaces/include/solution_interfaces/solution_interfaces/srv/detail
-- Installing: /root/solution/ros2_ws/install/solution_interfaces/include/solution_interfaces/solution_interfaces/srv/detail/assign__rosidl_typesupport_introspection_c.h
-- Installing: /root/solution/ros2_ws/install/solution_interfaces/include/solution_interfaces/solution_interfaces/srv/detail/assign__type_support.c
-- Installing: /root/solution/ros2_ws/install/solution_interfaces/lib/libsolution_interfaces__rosidl_typesupport_introspection_c.so
-- Set runtime path of "/root/solution/ros2_ws/install/solution_interfaces/lib/libsolution_interfaces__rosidl_typesupport_introspection_c.so" to ""
-- Installing: /root/solution/ros2_ws/install/solution_interfaces/lib/libsolution_interfaces__rosidl_typesupport_c.so
-- Set runtime path of "/root/solution/ros2_ws/install/solution_interfaces/lib/libsolution_interfaces__rosidl_typesupport_c.so" to ""
-- Up-to-date: /root/solution/ros2_ws/install/solution_interfaces/include/solution_interfaces/solution_interfaces
-- Up-to-date: /root/solution/ros2_ws/install/solution_interfaces/include/solution_interfaces/solution_interfaces/srv
-- Up-to-date: /root/solution/ros2_ws/install/solution_interfaces/include/solution_interfaces/solution_interfaces/srv/detail
-- Installing: /root/solution/ros2_ws/install/solution_interfaces/include/solution_interfaces/solution_interfaces/srv/detail/assign__type_support.cpp
-- Installing: /root/solution/ros2_ws/install/solution_interfaces/include/solution_interfaces/solution_interfaces/srv/detail/assign__rosidl_typesupport_introspection_cpp.hpp
-- Installing: /root/solution/ros2_ws/install/solution_interfaces/lib/libsolution_interfaces__rosidl_typesupport_introspection_cpp.so
-- Set runtime path of "/root/solution/ros2_ws/install/solution_interfaces/lib/libsolution_interfaces__rosidl_typesupport_introspection_cpp.so" to ""
-- Installing: /root/solution/ros2_ws/install/solution_interfaces/lib/libsolution_interfaces__rosidl_typesupport_cpp.so
-- Set runtime path of "/root/solution/ros2_ws/install/solution_interfaces/lib/libsolution_interfaces__rosidl_typesupport_cpp.so" to ""
-- Installing: /root/solution/ros2_ws/install/solution_interfaces/share/solution_interfaces/environment/pythonpath.sh
-- Installing: /root/solution/ros2_ws/install/solution_interfaces/share/solution_interfaces/environment/pythonpath.dsv
-- Installing: /root/solution/ros2_ws/install/solution_interfaces/local/lib/python3.10/dist-packages/solution_interfaces-0.0.0-py3.10.egg-info
-- Installing: /root/solution/ros2_ws/install/solution_interfaces/local/lib/python3.10/dist-packages/solution_interfaces-0.0.0-py3.10.egg-info/dependency_links.txt
-- Installing: /root/solution/ros2_ws/install/solution_interfaces/local/lib/python3.10/dist-packages/solution_interfaces-0.0.0-py3.10.egg-info/SOURCES.txt
-- Installing: /root/solution/ros2_ws/install/solution_interfaces/local/lib/python3.10/dist-packages/solution_interfaces-0.0.0-py3.10.egg-info/top_level.txt
-- Installing: /root/solution/ros2_ws/install/solution_interfaces/local/lib/python3.10/dist-packages/solution_interfaces-0.0.0-py3.10.egg-info/PKG-INFO
-- Installing: /root/solution/ros2_ws/install/solution_interfaces/local/lib/python3.10/dist-packages/solution_interfaces
-- Installing: /root/solution/ros2_ws/install/solution_interfaces/local/lib/python3.10/dist-packages/solution_interfaces/__init__.py
-- Installing: /root/solution/ros2_ws/install/solution_interfaces/local/lib/python3.10/dist-packages/solution_interfaces/_solution_interfaces_s.ep.rosidl_typesupport_c.c
-- Installing: /root/solution/ros2_ws/install/solution_interfaces/local/lib/python3.10/dist-packages/solution_interfaces/_solution_interfaces_s.ep.rosidl_typesupport_fastrtps_c.c
-- Installing: /root/solution/ros2_ws/install/solution_interfaces/local/lib/python3.10/dist-packages/solution_interfaces/srv
-- Installing: /root/solution/ros2_ws/install/solution_interfaces/local/lib/python3.10/dist-packages/solution_interfaces/srv/__init__.py
-- Installing: /root/solution/ros2_ws/install/solution_interfaces/local/lib/python3.10/dist-packages/solution_interfaces/srv/_assign.py
-- Installing: /root/solution/ros2_ws/install/solution_interfaces/local/lib/python3.10/dist-packages/solution_interfaces/srv/_assign_s.c
-- Installing: /root/solution/ros2_ws/install/solution_interfaces/local/lib/python3.10/dist-packages/solution_interfaces/libsolution_interfaces__rosidl_generator_py.so
-- Installing: /root/solution/ros2_ws/install/solution_interfaces/local/lib/python3.10/dist-packages/solution_interfaces/_solution_interfaces_s.ep.rosidl_typesupport_introspection_c.c
-- Installing: /root/solution/ros2_ws/install/solution_interfaces/local/lib/python3.10/dist-packages/solution_interfaces/solution_interfaces_s__rosidl_typesupport_c.cpython-310-x86_64-linux-gnu.so
-- Installing: /root/solution/ros2_ws/install/solution_interfaces/local/lib/python3.10/dist-packages/solution_interfaces/solution_interfaces_s__rosidl_typesupport_introspection_c.cpython-310-x86_64-linux-gnu.so
-- Installing: /root/solution/ros2_ws/install/solution_interfaces/local/lib/python3.10/dist-packages/solution_interfaces/solution_interfaces_s__rosidl_typesupport_fastrtps_c.cpython-310-x86_64-linux-gnu.so
Listing '/root/solution/ros2_ws/install/solution_interfaces/local/lib/python3.10/dist-packages/solution_interfaces'...
Compiling '/root/solution/ros2_ws/install/solution_interfaces/local/lib/python3.10/dist-packages/solution_interfaces/__init__.py'...
Listing '/root/solution/ros2_ws/install/solution_interfaces/local/lib/python3.10/dist-packages/solution_interfaces/srv'...
Compiling '/root/solution/ros2_ws/install/solution_interfaces/local/lib/python3.10/dist-packages/solution_interfaces/srv/__init__.py'...
Compiling '/root/solution/ros2_ws/install/solution_interfaces/local/lib/python3.10/dist-packages/solution_interfaces/srv/_assign.py'...
-- Installing: /root/solution/ros2_ws/install/solution_interfaces/local/lib/python3.10/dist-packages/solution_interfaces/solution_interfaces_s__rosidl_typesupport_fastrtps_c.cpython-310-x86_64-linux-gnu.so
-- Set runtime path of "/root/solution/ros2_ws/install/solution_interfaces/local/lib/python3.10/dist-packages/solution_interfaces/solution_interfaces_s__rosidl_typesupport_fastrtps_c.cpython-310-x86_64-linux-gnu.so" to ""
-- Installing: /root/solution/ros2_ws/install/solution_interfaces/local/lib/python3.10/dist-packages/solution_interfaces/solution_interfaces_s__rosidl_typesupport_introspection_c.cpython-310-x86_64-linux-gnu.so
-- Set runtime path of "/root/solution/ros2_ws/install/solution_interfaces/local/lib/python3.10/dist-packages/solution_interfaces/solution_interfaces_s__rosidl_typesupport_introspection_c.cpython-310-x86_64-linux-gnu.so" to ""
-- Installing: /root/solution/ros2_ws/install/solution_interfaces/local/lib/python3.10/dist-packages/solution_interfaces/solution_interfaces_s__rosidl_typesupport_c.cpython-310-x86_64-linux-gnu.so
-- Set runtime path of "/root/solution/ros2_ws/install/solution_interfaces/local/lib/python3.10/dist-packages/solution_interfaces/solution_interfaces_s__rosidl_typesupport_c.cpython-310-x86_64-linux-gnu.so" to ""
-- Installing: /root/solution/ros2_ws/install/solution_interfaces/lib/libsolution_interfaces__rosidl_generator_py.so
-- Set runtime path of "/root/solution/ros2_ws/install/solution_interfaces/lib/libsolution_interfaces__rosidl_generator_py.so" to ""
-- Installing: /root/solution/ros2_ws/install/solution_interfaces/share/solution_interfaces/srv/Assign.idl
-- Installing: /root/solution/ros2_ws/install/solution_interfaces/share/solution_interfaces/srv/Assign.srv
-- Installing: /root/solution/ros2_ws/install/solution_interfaces/share/solution_interfaces/srv/Assign_Request.msg
-- Installing: /root/solution/ros2_ws/install/solution_interfaces/share/solution_interfaces/srv/Assign_Response.msg
-- Installing: /root/solution/ros2_ws/install/solution_interfaces/share/ament_index/resource_index/package_run_dependencies/solution_interfaces
-- Installing: /root/solution/ros2_ws/install/solution_interfaces/share/ament_index/resource_index/parent_prefix_path/solution_interfaces
-- Installing: /root/solution/ros2_ws/install/solution_interfaces/share/solution_interfaces/environment/ament_prefix_path.sh
-- Installing: /root/solution/ros2_ws/install/solution_interfaces/share/solution_interfaces/environment/ament_prefix_path.dsv
-- Installing: /root/solution/ros2_ws/install/solution_interfaces/share/solution_interfaces/environment/path.sh
-- Installing: /root/solution/ros2_ws/install/solution_interfaces/share/solution_interfaces/environment/path.dsv
-- Installing: /root/solution/ros2_ws/install/solution_interfaces/share/solution_interfaces/local_setup.bash
-- Installing: /root/solution/ros2_ws/install/solution_interfaces/share/solution_interfaces/local_setup.sh
-- Installing: /root/solution/ros2_ws/install/solution_interfaces/share/solution_interfaces/local_setup.zsh
-- Installing: /root/solution/ros2_ws/install/solution_interfaces/share/solution_interfaces/local_setup.dsv
-- Installing: /root/solution/ros2_ws/install/solution_interfaces/share/solution_interfaces/package.dsv
-- Installing: /root/solution/ros2_ws/install/solution_interfaces/share/ament_index/resource_index/packages/solution_interfaces
-- Installing: /root/solution/ros2_ws/install/solution_interfaces/share/solution_interfaces/cmake/export_solution_interfaces__rosidl_generator_cExport.cmake
-- Installing: /root/solution/ros2_ws/install/solution_interfaces/share/solution_interfaces/cmake/export_solution_interfaces__rosidl_generator_cExport-noconfig.cmake
-- Installing: /root/solution/ros2_ws/install/solution_interfaces/share/solution_interfaces/cmake/export_solution_interfaces__rosidl_typesupport_fastrtps_cExport.cmake
-- Installing: /root/solution/ros2_ws/install/solution_interfaces/share/solution_interfaces/cmake/export_solution_interfaces__rosidl_typesupport_fastrtps_cExport-noconfig.cmake
-- Installing: /root/solution/ros2_ws/install/solution_interfaces/share/solution_interfaces/cmake/export_solution_interfaces__rosidl_generator_cppExport.cmake
-- Installing: /root/solution/ros2_ws/install/solution_interfaces/share/solution_interfaces/cmake/export_solution_interfaces__rosidl_typesupport_fastrtps_cppExport.cmake
-- Installing: /root/solution/ros2_ws/install/solution_interfaces/share/solution_interfaces/cmake/export_solution_interfaces__rosidl_typesupport_fastrtps_cppExport-noconfig.cmake
-- Installing: /root/solution/ros2_ws/install/solution_interfaces/share/solution_interfaces/cmake/solution_interfaces__rosidl_typesupport_introspection_cExport.cmake
-- Installing: /root/solution/ros2_ws/install/solution_interfaces/share/solution_interfaces/cmake/solution_interfaces__rosidl_typesupport_introspection_cExport-noconfig.cmake
-- Installing: /root/solution/ros2_ws/install/solution_interfaces/share/solution_interfaces/cmake/solution_interfaces__rosidl_typesupport_cExport.cmake
-- Installing: /root/solution/ros2_ws/install/solution_interfaces/share/solution_interfaces/cmake/solution_interfaces__rosidl_typesupport_cExport-noconfig.cmake
-- Installing: /root/solution/ros2_ws/install/solution_interfaces/share/solution_interfaces/cmake/solution_interfaces__rosidl_typesupport_introspection_cppExport.cmake
-- Installing: /root/solution/ros2_ws/install/solution_interfaces/share/solution_interfaces/cmake/solution_interfaces__rosidl_typesupport_introspection_cppExport-noconfig.cmake
-- Installing: /root/solution/ros2_ws/install/solution_interfaces/share/solution_interfaces/cmake/solution_interfaces__rosidl_typesupport_cppExport.cmake
-- Installing: /root/solution/ros2_ws/install/solution_interfaces/share/solution_interfaces/cmake/solution_interfaces__rosidl_typesupport_cppExport-noconfig.cmake
-- Installing: /root/solution/ros2_ws/install/solution_interfaces/share/solution_interfaces/cmake/export_solution_interfaces__rosidl_generator_pyExport.cmake
-- Installing: /root/solution/ros2_ws/install/solution_interfaces/share/solution_interfaces/cmake/export_solution_interfaces__rosidl_generator_pyExport-noconfig.cmake
-- Installing: /root/solution/ros2_ws/install/solution_interfaces/share/solution_interfaces/cmake/rosidl_cmake-extras.cmake
-- Installing: /root/solution/ros2_ws/install/solution_interfaces/share/solution_interfaces/cmake/ament_cmake_export_include_directories-extras.cmake
-- Installing: /root/solution/ros2_ws/install/solution_interfaces/share/solution_interfaces/cmake/ament_cmake_export_libraries-extras.cmake
-- Installing: /root/solution/ros2_ws/install/solution_interfaces/share/solution_interfaces/cmake/ament_cmake_export_targets-extras.cmake
-- Installing: /root/solution/ros2_ws/install/solution_interfaces/share/solution_interfaces/cmake/rosidl_cmake_export_typesupport_targets-extras.cmake
-- Installing: /root/solution/ros2_ws/install/solution_interfaces/share/solution_interfaces/cmake/ament_cmake_export_dependencies-extras.cmake
-- Installing: /root/solution/ros2_ws/install/solution_interfaces/share/solution_interfaces/cmake/rosidl_cmake_export_typesupport_libraries-extras.cmake
-- Installing: /root/solution/ros2_ws/install/solution_interfaces/share/solution_interfaces/cmake/solution_interfacesConfig.cmake
-- Installing: /root/solution/ros2_ws/install/solution_interfaces/share/solution_interfaces/cmake/solution_interfacesConfig-version.cmake
-- Installing: /root/solution/ros2_ws/install/solution_interfaces/share/solution_interfaces/package.xml
