[0.006s] Invoking command in '/root/solution/ros2_ws/build/solution_interfaces': CMAKE_PREFIX_PATH=${CMAKE_PREFIX_PATH}:/opt/ros/humble /usr/bin/cmake /root/solution/ros2_ws/src/solution_interfaces -DCMAKE_INSTALL_PREFIX=/root/solution/ros2_ws/install/solution_interfaces
[0.104s] -- The C compiler identification is GNU 11.4.0
[0.193s] -- The CXX compiler identification is GNU 11.4.0
[0.199s] -- Detecting C compiler ABI info
[0.283s] -- Detecting C compiler ABI info - done
[0.288s] -- Check for working C compiler: /usr/bin/cc - skipped
[0.288s] -- Detecting C compile features
[0.289s] -- Detecting C compile features - done
[0.293s] -- Detecting CXX compiler ABI info
[0.383s] -- Detecting CXX compiler ABI info - done
[0.387s] -- Check for working CXX compiler: /usr/bin/c++ - skipped
[0.387s] -- Detecting CXX compile features
[0.387s] -- Detecting CXX compile features - done
[0.392s] -- Found ament_cmake: 1.3.12 (/opt/ros/humble/share/ament_cmake/cmake)
[0.519s] -- Found Python3: /usr/bin/python3 (found version "3.10.12") found components: Interpreter 
[0.592s] -- Found geometry_msgs: 4.9.0 (/opt/ros/humble/share/geometry_msgs/cmake)
[0.628s] -- Found rosidl_generator_c: 3.1.7 (/opt/ros/humble/share/rosidl_generator_c/cmake)
[0.632s] -- Found rosidl_adapter: 3.1.7 (/opt/ros/humble/share/rosidl_adapter/cmake)
[0.638s] -- Found rosidl_generator_cpp: 3.1.7 (/opt/ros/humble/share/rosidl_generator_cpp/cmake)
[0.649s] -- Using all available rosidl_typesupport_c: rosidl_typesupport_fastrtps_c;rosidl_typesupport_introspection_c
[0.669s] -- Using all available rosidl_typesupport_cpp: rosidl_typesupport_fastrtps_cpp;rosidl_typesupport_introspection_cpp
[0.700s] -- Found rosidl_default_generators: 1.2.0 (/opt/ros/humble/share/rosidl_default_generators/cmake)
[0.857s] -- Found ament_cmake_ros: 0.10.0 (/opt/ros/humble/share/ament_cmake_ros/cmake)
[1.059s] -- Using all available rosidl_typesupport_c: rosidl_typesupport_fastrtps_c;rosidl_typesupport_introspection_c
[1.131s] -- Using all available rosidl_typesupport_cpp: rosidl_typesupport_fastrtps_cpp;rosidl_typesupport_introspection_cpp
[1.155s] -- Found PythonInterp: /usr/bin/python3 (found suitable version "3.10.12", minimum required is "3.6") 
[1.156s] -- Found python_cmake_module: 0.10.0 (/opt/ros/humble/share/python_cmake_module/cmake)
[1.181s] -- Found PythonLibs: /usr/lib/x86_64-linux-gnu/libpython3.10.so (found suitable version "3.10.12", minimum required is "3.5") 
[1.181s] -- Using PYTHON_EXECUTABLE: /usr/bin/python3
[1.181s] -- Using PYTHON_INCLUDE_DIRS: /usr/include/python3.10
[1.181s] -- Using PYTHON_LIBRARIES: /usr/lib/x86_64-linux-gnu/libpython3.10.so
[1.203s] -- Found PythonExtra: .so  
[1.241s] -- Found ament_lint_auto: 0.12.14 (/opt/ros/humble/share/ament_lint_auto/cmake)
[1.262s] -- Added test 'lint_cmake' to check CMake code style
[1.263s] -- Added test 'xmllint' to check XML markup files
[1.264s] -- Configuring done
[1.277s] -- Generating done
[1.282s] -- Build files have been written to: /root/solution/ros2_ws/build/solution_interfaces
[1.288s] Invoked command in '/root/solution/ros2_ws/build/solution_interfaces' returned '0': CMAKE_PREFIX_PATH=${CMAKE_PREFIX_PATH}:/opt/ros/humble /usr/bin/cmake /root/solution/ros2_ws/src/solution_interfaces -DCMAKE_INSTALL_PREFIX=/root/solution/ros2_ws/install/solution_interfaces
[1.288s] Invoking command in '/root/solution/ros2_ws/build/solution_interfaces': CMAKE_PREFIX_PATH=${CMAKE_PREFIX_PATH}:/opt/ros/humble /usr/bin/cmake --build /root/solution/ros2_ws/build/solution_interfaces -- -j24 -l24
[1.324s] [  3%] [34m[1mGenerating C code for ROS interfaces[0m
[1.334s] [  6%] [34m[1mGenerating C++ code for ROS interfaces[0m
[1.340s] [  6%] Built target ament_cmake_python_copy_solution_interfaces
[1.464s] running egg_info
[1.465s] creating solution_interfaces.egg-info
[1.465s] writing solution_interfaces.egg-info/PKG-INFO
[1.465s] writing dependency_links to solution_interfaces.egg-info/dependency_links.txt
[1.465s] writing top-level names to solution_interfaces.egg-info/top_level.txt
[1.467s] writing manifest file 'solution_interfaces.egg-info/SOURCES.txt'
[1.467s] [  9%] Built target solution_interfaces__cpp
[1.467s] [  9%] [32mBuilding C object CMakeFiles/solution_interfaces__rosidl_generator_c.dir/rosidl_generator_c/solution_interfaces/srv/detail/assign__functions.c.o[0m
[1.468s] reading manifest file 'solution_interfaces.egg-info/SOURCES.txt'
[1.468s] writing manifest file 'solution_interfaces.egg-info/SOURCES.txt'
[1.473s] [ 12%] [34m[1mGenerating C++ introspection for ROS interfaces[0m
[1.474s] [ 19%] [34m[1mGenerating C++ type support for eProsima Fast-RTPS[0m
[1.474s] [ 19%] [34m[1mGenerating C++ type support dispatch for ROS interfaces[0m
[1.485s] [ 19%] Built target ament_cmake_python_build_solution_interfaces_egg
[1.517s] [ 22%] [32m[1mLinking C shared library libsolution_interfaces__rosidl_generator_c.so[0m
[1.542s] [ 22%] Built target solution_interfaces__rosidl_generator_c
[1.550s] [ 25%] [34m[1mGenerating C type support for eProsima Fast-RTPS[0m
[1.550s] [ 29%] [34m[1mGenerating C introspection for ROS interfaces[0m
[1.550s] [ 32%] [34m[1mGenerating C type support dispatch for ROS interfaces[0m
[1.613s] [ 35%] [32mBuilding CXX object CMakeFiles/solution_interfaces__rosidl_typesupport_cpp.dir/rosidl_typesupport_cpp/solution_interfaces/srv/assign__type_support.cpp.o[0m
[1.623s] [ 38%] [32mBuilding CXX object CMakeFiles/solution_interfaces__rosidl_typesupport_introspection_cpp.dir/rosidl_typesupport_introspection_cpp/solution_interfaces/srv/detail/assign__type_support.cpp.o[0m
[1.633s] [ 41%] [32mBuilding CXX object CMakeFiles/solution_interfaces__rosidl_typesupport_fastrtps_cpp.dir/rosidl_typesupport_fastrtps_cpp/solution_interfaces/srv/detail/dds_fastrtps/assign__type_support.cpp.o[0m
[1.690s] [ 45%] [32mBuilding CXX object CMakeFiles/solution_interfaces__rosidl_typesupport_c.dir/rosidl_typesupport_c/solution_interfaces/srv/assign__type_support.cpp.o[0m
[1.708s] [ 48%] [32mBuilding C object CMakeFiles/solution_interfaces__rosidl_typesupport_introspection_c.dir/rosidl_typesupport_introspection_c/solution_interfaces/srv/detail/assign__type_support.c.o[0m
[1.712s] [ 51%] [32mBuilding CXX object CMakeFiles/solution_interfaces__rosidl_typesupport_fastrtps_c.dir/rosidl_typesupport_fastrtps_c/solution_interfaces/srv/detail/assign__type_support_c.cpp.o[0m
[1.713s] [ 54%] [32m[1mLinking CXX shared library libsolution_interfaces__rosidl_typesupport_c.so[0m
[1.733s] [ 58%] [32m[1mLinking C shared library libsolution_interfaces__rosidl_typesupport_introspection_c.so[0m
[1.742s] [ 58%] Built target solution_interfaces__rosidl_typesupport_c
[1.756s] [ 58%] Built target solution_interfaces__rosidl_typesupport_introspection_c
[1.779s] [ 61%] [32m[1mLinking CXX shared library libsolution_interfaces__rosidl_typesupport_cpp.so[0m
[1.809s] [ 61%] Built target solution_interfaces__rosidl_typesupport_cpp
[1.833s] [ 64%] [32m[1mLinking CXX shared library libsolution_interfaces__rosidl_typesupport_introspection_cpp.so[0m
[1.851s] [ 67%] [32m[1mLinking CXX shared library libsolution_interfaces__rosidl_typesupport_fastrtps_cpp.so[0m
[1.871s] [ 67%] Built target solution_interfaces__rosidl_typesupport_introspection_cpp
[1.886s] [ 70%] [32m[1mLinking CXX shared library libsolution_interfaces__rosidl_typesupport_fastrtps_c.so[0m
[1.894s] [ 70%] Built target solution_interfaces__rosidl_typesupport_fastrtps_cpp
[1.926s] [ 70%] Built target solution_interfaces__rosidl_typesupport_fastrtps_c
[1.946s] [ 70%] Built target solution_interfaces
[1.970s] [ 74%] [34m[1mGenerating Python code for ROS interfaces[0m
[2.138s] [ 74%] Built target solution_interfaces__py
[2.149s] [ 77%] [32mBuilding C object CMakeFiles/solution_interfaces__rosidl_generator_py.dir/rosidl_generator_py/solution_interfaces/srv/_assign_s.c.o[0m
[2.218s] [ 80%] [32m[1mLinking C shared library rosidl_generator_py/solution_interfaces/libsolution_interfaces__rosidl_generator_py.so[0m
[2.257s] [ 80%] Built target solution_interfaces__rosidl_generator_py
[2.281s] [ 83%] [32mBuilding C object CMakeFiles/solution_interfaces__rosidl_typesupport_c__pyext.dir/rosidl_generator_py/solution_interfaces/_solution_interfaces_s.ep.rosidl_typesupport_c.c.o[0m
[2.281s] [ 87%] [32mBuilding C object CMakeFiles/solution_interfaces__rosidl_typesupport_introspection_c__pyext.dir/rosidl_generator_py/solution_interfaces/_solution_interfaces_s.ep.rosidl_typesupport_introspection_c.c.o[0m
[2.281s] [ 90%] [32mBuilding C object CMakeFiles/solution_interfaces__rosidl_typesupport_fastrtps_c__pyext.dir/rosidl_generator_py/solution_interfaces/_solution_interfaces_s.ep.rosidl_typesupport_fastrtps_c.c.o[0m
[2.330s] [ 93%] [32m[1mLinking C shared library rosidl_generator_py/solution_interfaces/solution_interfaces_s__rosidl_typesupport_introspection_c.cpython-310-x86_64-linux-gnu.so[0m
[2.331s] [ 96%] [32m[1mLinking C shared library rosidl_generator_py/solution_interfaces/solution_interfaces_s__rosidl_typesupport_c.cpython-310-x86_64-linux-gnu.so[0m
[2.335s] [100%] [32m[1mLinking C shared library rosidl_generator_py/solution_interfaces/solution_interfaces_s__rosidl_typesupport_fastrtps_c.cpython-310-x86_64-linux-gnu.so[0m
[2.351s] [100%] Built target solution_interfaces__rosidl_typesupport_c__pyext
[2.355s] [100%] Built target solution_interfaces__rosidl_typesupport_introspection_c__pyext
[2.361s] [100%] Built target solution_interfaces__rosidl_typesupport_fastrtps_c__pyext
[2.375s] Invoked command in '/root/solution/ros2_ws/build/solution_interfaces' returned '0': CMAKE_PREFIX_PATH=${CMAKE_PREFIX_PATH}:/opt/ros/humble /usr/bin/cmake --build /root/solution/ros2_ws/build/solution_interfaces -- -j24 -l24
[2.388s] Invoking command in '/root/solution/ros2_ws/build/solution_interfaces': CMAKE_PREFIX_PATH=${CMAKE_PREFIX_PATH}:/opt/ros/humble /usr/bin/cmake --install /root/solution/ros2_ws/build/solution_interfaces
[2.397s] -- Install configuration: ""
[2.398s] -- Installing: /root/solution/ros2_ws/install/solution_interfaces/share/ament_index/resource_index/rosidl_interfaces/solution_interfaces
[2.398s] -- Installing: /root/solution/ros2_ws/install/solution_interfaces/include/solution_interfaces/solution_interfaces
[2.398s] -- Installing: /root/solution/ros2_ws/install/solution_interfaces/include/solution_interfaces/solution_interfaces/msg
[2.398s] -- Installing: /root/solution/ros2_ws/install/solution_interfaces/include/solution_interfaces/solution_interfaces/msg/rosidl_generator_c__visibility_control.h
[2.398s] -- Installing: /root/solution/ros2_ws/install/solution_interfaces/include/solution_interfaces/solution_interfaces/srv
[2.398s] -- Installing: /root/solution/ros2_ws/install/solution_interfaces/include/solution_interfaces/solution_interfaces/srv/assign.h
[2.398s] -- Installing: /root/solution/ros2_ws/install/solution_interfaces/include/solution_interfaces/solution_interfaces/srv/detail
[2.398s] -- Installing: /root/solution/ros2_ws/install/solution_interfaces/include/solution_interfaces/solution_interfaces/srv/detail/assign__struct.h
[2.399s] -- Installing: /root/solution/ros2_ws/install/solution_interfaces/include/solution_interfaces/solution_interfaces/srv/detail/assign__type_support.h
[2.399s] -- Installing: /root/solution/ros2_ws/install/solution_interfaces/include/solution_interfaces/solution_interfaces/srv/detail/assign__functions.c
[2.399s] -- Installing: /root/solution/ros2_ws/install/solution_interfaces/include/solution_interfaces/solution_interfaces/srv/detail/assign__functions.h
[2.399s] -- Installing: /root/solution/ros2_ws/install/solution_interfaces/share/solution_interfaces/environment/library_path.sh
[2.399s] -- Installing: /root/solution/ros2_ws/install/solution_interfaces/share/solution_interfaces/environment/library_path.dsv
[2.399s] -- Installing: /root/solution/ros2_ws/install/solution_interfaces/lib/libsolution_interfaces__rosidl_generator_c.so
[2.399s] -- Set runtime path of "/root/solution/ros2_ws/install/solution_interfaces/lib/libsolution_interfaces__rosidl_generator_c.so" to ""
[2.399s] -- Up-to-date: /root/solution/ros2_ws/install/solution_interfaces/include/solution_interfaces/solution_interfaces
[2.400s] -- Up-to-date: /root/solution/ros2_ws/install/solution_interfaces/include/solution_interfaces/solution_interfaces/msg
[2.400s] -- Installing: /root/solution/ros2_ws/install/solution_interfaces/include/solution_interfaces/solution_interfaces/msg/rosidl_typesupport_fastrtps_c__visibility_control.h
[2.400s] -- Up-to-date: /root/solution/ros2_ws/install/solution_interfaces/include/solution_interfaces/solution_interfaces/srv
[2.400s] -- Up-to-date: /root/solution/ros2_ws/install/solution_interfaces/include/solution_interfaces/solution_interfaces/srv/detail
[2.400s] -- Installing: /root/solution/ros2_ws/install/solution_interfaces/include/solution_interfaces/solution_interfaces/srv/detail/assign__rosidl_typesupport_fastrtps_c.h
[2.400s] -- Installing: /root/solution/ros2_ws/install/solution_interfaces/lib/libsolution_interfaces__rosidl_typesupport_fastrtps_c.so
[2.400s] -- Set runtime path of "/root/solution/ros2_ws/install/solution_interfaces/lib/libsolution_interfaces__rosidl_typesupport_fastrtps_c.so" to ""
[2.400s] -- Up-to-date: /root/solution/ros2_ws/install/solution_interfaces/include/solution_interfaces/solution_interfaces
[2.400s] -- Up-to-date: /root/solution/ros2_ws/install/solution_interfaces/include/solution_interfaces/solution_interfaces/msg
[2.400s] -- Installing: /root/solution/ros2_ws/install/solution_interfaces/include/solution_interfaces/solution_interfaces/msg/rosidl_generator_cpp__visibility_control.hpp
[2.401s] -- Up-to-date: /root/solution/ros2_ws/install/solution_interfaces/include/solution_interfaces/solution_interfaces/srv
[2.401s] -- Up-to-date: /root/solution/ros2_ws/install/solution_interfaces/include/solution_interfaces/solution_interfaces/srv/detail
[2.401s] -- Installing: /root/solution/ros2_ws/install/solution_interfaces/include/solution_interfaces/solution_interfaces/srv/detail/assign__struct.hpp
[2.401s] -- Installing: /root/solution/ros2_ws/install/solution_interfaces/include/solution_interfaces/solution_interfaces/srv/detail/assign__traits.hpp
[2.401s] -- Installing: /root/solution/ros2_ws/install/solution_interfaces/include/solution_interfaces/solution_interfaces/srv/detail/assign__type_support.hpp
[2.401s] -- Installing: /root/solution/ros2_ws/install/solution_interfaces/include/solution_interfaces/solution_interfaces/srv/detail/assign__builder.hpp
[2.401s] -- Installing: /root/solution/ros2_ws/install/solution_interfaces/include/solution_interfaces/solution_interfaces/srv/assign.hpp
[2.401s] -- Up-to-date: /root/solution/ros2_ws/install/solution_interfaces/include/solution_interfaces/solution_interfaces
[2.401s] -- Up-to-date: /root/solution/ros2_ws/install/solution_interfaces/include/solution_interfaces/solution_interfaces/msg
[2.401s] -- Installing: /root/solution/ros2_ws/install/solution_interfaces/include/solution_interfaces/solution_interfaces/msg/rosidl_typesupport_fastrtps_cpp__visibility_control.h
[2.401s] -- Up-to-date: /root/solution/ros2_ws/install/solution_interfaces/include/solution_interfaces/solution_interfaces/srv
[2.401s] -- Up-to-date: /root/solution/ros2_ws/install/solution_interfaces/include/solution_interfaces/solution_interfaces/srv/detail
[2.401s] -- Installing: /root/solution/ros2_ws/install/solution_interfaces/include/solution_interfaces/solution_interfaces/srv/detail/dds_fastrtps
[2.401s] -- Installing: /root/solution/ros2_ws/install/solution_interfaces/include/solution_interfaces/solution_interfaces/srv/detail/assign__rosidl_typesupport_fastrtps_cpp.hpp
[2.402s] -- Installing: /root/solution/ros2_ws/install/solution_interfaces/lib/libsolution_interfaces__rosidl_typesupport_fastrtps_cpp.so
[2.402s] -- Set runtime path of "/root/solution/ros2_ws/install/solution_interfaces/lib/libsolution_interfaces__rosidl_typesupport_fastrtps_cpp.so" to ""
[2.402s] -- Up-to-date: /root/solution/ros2_ws/install/solution_interfaces/include/solution_interfaces/solution_interfaces
[2.402s] -- Up-to-date: /root/solution/ros2_ws/install/solution_interfaces/include/solution_interfaces/solution_interfaces/msg
[2.402s] -- Installing: /root/solution/ros2_ws/install/solution_interfaces/include/solution_interfaces/solution_interfaces/msg/rosidl_typesupport_introspection_c__visibility_control.h
[2.402s] -- Up-to-date: /root/solution/ros2_ws/install/solution_interfaces/include/solution_interfaces/solution_interfaces/srv
[2.402s] -- Up-to-date: /root/solution/ros2_ws/install/solution_interfaces/include/solution_interfaces/solution_interfaces/srv/detail
[2.402s] -- Installing: /root/solution/ros2_ws/install/solution_interfaces/include/solution_interfaces/solution_interfaces/srv/detail/assign__rosidl_typesupport_introspection_c.h
[2.402s] -- Installing: /root/solution/ros2_ws/install/solution_interfaces/include/solution_interfaces/solution_interfaces/srv/detail/assign__type_support.c
[2.402s] -- Installing: /root/solution/ros2_ws/install/solution_interfaces/lib/libsolution_interfaces__rosidl_typesupport_introspection_c.so
[2.403s] -- Set runtime path of "/root/solution/ros2_ws/install/solution_interfaces/lib/libsolution_interfaces__rosidl_typesupport_introspection_c.so" to ""
[2.403s] -- Installing: /root/solution/ros2_ws/install/solution_interfaces/lib/libsolution_interfaces__rosidl_typesupport_c.so
[2.403s] -- Set runtime path of "/root/solution/ros2_ws/install/solution_interfaces/lib/libsolution_interfaces__rosidl_typesupport_c.so" to ""
[2.403s] -- Up-to-date: /root/solution/ros2_ws/install/solution_interfaces/include/solution_interfaces/solution_interfaces
[2.403s] -- Up-to-date: /root/solution/ros2_ws/install/solution_interfaces/include/solution_interfaces/solution_interfaces/srv
[2.403s] -- Up-to-date: /root/solution/ros2_ws/install/solution_interfaces/include/solution_interfaces/solution_interfaces/srv/detail
[2.403s] -- Installing: /root/solution/ros2_ws/install/solution_interfaces/include/solution_interfaces/solution_interfaces/srv/detail/assign__type_support.cpp
[2.403s] -- Installing: /root/solution/ros2_ws/install/solution_interfaces/include/solution_interfaces/solution_interfaces/srv/detail/assign__rosidl_typesupport_introspection_cpp.hpp
[2.403s] -- Installing: /root/solution/ros2_ws/install/solution_interfaces/lib/libsolution_interfaces__rosidl_typesupport_introspection_cpp.so
[2.403s] -- Set runtime path of "/root/solution/ros2_ws/install/solution_interfaces/lib/libsolution_interfaces__rosidl_typesupport_introspection_cpp.so" to ""
[2.403s] -- Installing: /root/solution/ros2_ws/install/solution_interfaces/lib/libsolution_interfaces__rosidl_typesupport_cpp.so
[2.404s] -- Set runtime path of "/root/solution/ros2_ws/install/solution_interfaces/lib/libsolution_interfaces__rosidl_typesupport_cpp.so" to ""
[2.404s] -- Installing: /root/solution/ros2_ws/install/solution_interfaces/share/solution_interfaces/environment/pythonpath.sh
[2.404s] -- Installing: /root/solution/ros2_ws/install/solution_interfaces/share/solution_interfaces/environment/pythonpath.dsv
[2.404s] -- Installing: /root/solution/ros2_ws/install/solution_interfaces/local/lib/python3.10/dist-packages/solution_interfaces-0.0.0-py3.10.egg-info
[2.404s] -- Installing: /root/solution/ros2_ws/install/solution_interfaces/local/lib/python3.10/dist-packages/solution_interfaces-0.0.0-py3.10.egg-info/dependency_links.txt
[2.404s] -- Installing: /root/solution/ros2_ws/install/solution_interfaces/local/lib/python3.10/dist-packages/solution_interfaces-0.0.0-py3.10.egg-info/SOURCES.txt
[2.404s] -- Installing: /root/solution/ros2_ws/install/solution_interfaces/local/lib/python3.10/dist-packages/solution_interfaces-0.0.0-py3.10.egg-info/top_level.txt
[2.404s] -- Installing: /root/solution/ros2_ws/install/solution_interfaces/local/lib/python3.10/dist-packages/solution_interfaces-0.0.0-py3.10.egg-info/PKG-INFO
[2.404s] -- Installing: /root/solution/ros2_ws/install/solution_interfaces/local/lib/python3.10/dist-packages/solution_interfaces
[2.404s] -- Installing: /root/solution/ros2_ws/install/solution_interfaces/local/lib/python3.10/dist-packages/solution_interfaces/__init__.py
[2.404s] -- Installing: /root/solution/ros2_ws/install/solution_interfaces/local/lib/python3.10/dist-packages/solution_interfaces/_solution_interfaces_s.ep.rosidl_typesupport_c.c
[2.404s] -- Installing: /root/solution/ros2_ws/install/solution_interfaces/local/lib/python3.10/dist-packages/solution_interfaces/_solution_interfaces_s.ep.rosidl_typesupport_fastrtps_c.c
[2.405s] -- Installing: /root/solution/ros2_ws/install/solution_interfaces/local/lib/python3.10/dist-packages/solution_interfaces/srv
[2.405s] -- Installing: /root/solution/ros2_ws/install/solution_interfaces/local/lib/python3.10/dist-packages/solution_interfaces/srv/__init__.py
[2.405s] -- Installing: /root/solution/ros2_ws/install/solution_interfaces/local/lib/python3.10/dist-packages/solution_interfaces/srv/_assign.py
[2.405s] -- Installing: /root/solution/ros2_ws/install/solution_interfaces/local/lib/python3.10/dist-packages/solution_interfaces/srv/_assign_s.c
[2.405s] -- Installing: /root/solution/ros2_ws/install/solution_interfaces/local/lib/python3.10/dist-packages/solution_interfaces/libsolution_interfaces__rosidl_generator_py.so
[2.405s] -- Installing: /root/solution/ros2_ws/install/solution_interfaces/local/lib/python3.10/dist-packages/solution_interfaces/_solution_interfaces_s.ep.rosidl_typesupport_introspection_c.c
[2.405s] -- Installing: /root/solution/ros2_ws/install/solution_interfaces/local/lib/python3.10/dist-packages/solution_interfaces/solution_interfaces_s__rosidl_typesupport_c.cpython-310-x86_64-linux-gnu.so
[2.405s] -- Installing: /root/solution/ros2_ws/install/solution_interfaces/local/lib/python3.10/dist-packages/solution_interfaces/solution_interfaces_s__rosidl_typesupport_introspection_c.cpython-310-x86_64-linux-gnu.so
[2.405s] -- Installing: /root/solution/ros2_ws/install/solution_interfaces/local/lib/python3.10/dist-packages/solution_interfaces/solution_interfaces_s__rosidl_typesupport_fastrtps_c.cpython-310-x86_64-linux-gnu.so
[2.439s] Listing '/root/solution/ros2_ws/install/solution_interfaces/local/lib/python3.10/dist-packages/solution_interfaces'...
[2.439s] Compiling '/root/solution/ros2_ws/install/solution_interfaces/local/lib/python3.10/dist-packages/solution_interfaces/__init__.py'...
[2.439s] Listing '/root/solution/ros2_ws/install/solution_interfaces/local/lib/python3.10/dist-packages/solution_interfaces/srv'...
[2.439s] Compiling '/root/solution/ros2_ws/install/solution_interfaces/local/lib/python3.10/dist-packages/solution_interfaces/srv/__init__.py'...
[2.439s] Compiling '/root/solution/ros2_ws/install/solution_interfaces/local/lib/python3.10/dist-packages/solution_interfaces/srv/_assign.py'...
[2.441s] -- Installing: /root/solution/ros2_ws/install/solution_interfaces/local/lib/python3.10/dist-packages/solution_interfaces/solution_interfaces_s__rosidl_typesupport_fastrtps_c.cpython-310-x86_64-linux-gnu.so
[2.441s] -- Set runtime path of "/root/solution/ros2_ws/install/solution_interfaces/local/lib/python3.10/dist-packages/solution_interfaces/solution_interfaces_s__rosidl_typesupport_fastrtps_c.cpython-310-x86_64-linux-gnu.so" to ""
[2.441s] -- Installing: /root/solution/ros2_ws/install/solution_interfaces/local/lib/python3.10/dist-packages/solution_interfaces/solution_interfaces_s__rosidl_typesupport_introspection_c.cpython-310-x86_64-linux-gnu.so
[2.441s] -- Set runtime path of "/root/solution/ros2_ws/install/solution_interfaces/local/lib/python3.10/dist-packages/solution_interfaces/solution_interfaces_s__rosidl_typesupport_introspection_c.cpython-310-x86_64-linux-gnu.so" to ""
[2.441s] -- Installing: /root/solution/ros2_ws/install/solution_interfaces/local/lib/python3.10/dist-packages/solution_interfaces/solution_interfaces_s__rosidl_typesupport_c.cpython-310-x86_64-linux-gnu.so
[2.441s] -- Set runtime path of "/root/solution/ros2_ws/install/solution_interfaces/local/lib/python3.10/dist-packages/solution_interfaces/solution_interfaces_s__rosidl_typesupport_c.cpython-310-x86_64-linux-gnu.so" to ""
[2.441s] -- Installing: /root/solution/ros2_ws/install/solution_interfaces/lib/libsolution_interfaces__rosidl_generator_py.so
[2.441s] -- Set runtime path of "/root/solution/ros2_ws/install/solution_interfaces/lib/libsolution_interfaces__rosidl_generator_py.so" to ""
[2.441s] -- Installing: /root/solution/ros2_ws/install/solution_interfaces/share/solution_interfaces/srv/Assign.idl
[2.441s] -- Installing: /root/solution/ros2_ws/install/solution_interfaces/share/solution_interfaces/srv/Assign.srv
[2.441s] -- Installing: /root/solution/ros2_ws/install/solution_interfaces/share/solution_interfaces/srv/Assign_Request.msg
[2.442s] -- Installing: /root/solution/ros2_ws/install/solution_interfaces/share/solution_interfaces/srv/Assign_Response.msg
[2.442s] -- Installing: /root/solution/ros2_ws/install/solution_interfaces/share/ament_index/resource_index/package_run_dependencies/solution_interfaces
[2.442s] -- Installing: /root/solution/ros2_ws/install/solution_interfaces/share/ament_index/resource_index/parent_prefix_path/solution_interfaces
[2.442s] -- Installing: /root/solution/ros2_ws/install/solution_interfaces/share/solution_interfaces/environment/ament_prefix_path.sh
[2.442s] -- Installing: /root/solution/ros2_ws/install/solution_interfaces/share/solution_interfaces/environment/ament_prefix_path.dsv
[2.442s] -- Installing: /root/solution/ros2_ws/install/solution_interfaces/share/solution_interfaces/environment/path.sh
[2.442s] -- Installing: /root/solution/ros2_ws/install/solution_interfaces/share/solution_interfaces/environment/path.dsv
[2.442s] -- Installing: /root/solution/ros2_ws/install/solution_interfaces/share/solution_interfaces/local_setup.bash
[2.442s] -- Installing: /root/solution/ros2_ws/install/solution_interfaces/share/solution_interfaces/local_setup.sh
[2.442s] -- Installing: /root/solution/ros2_ws/install/solution_interfaces/share/solution_interfaces/local_setup.zsh
[2.442s] -- Installing: /root/solution/ros2_ws/install/solution_interfaces/share/solution_interfaces/local_setup.dsv
[2.442s] -- Installing: /root/solution/ros2_ws/install/solution_interfaces/share/solution_interfaces/package.dsv
[2.442s] -- Installing: /root/solution/ros2_ws/install/solution_interfaces/share/ament_index/resource_index/packages/solution_interfaces
[2.442s] -- Installing: /root/solution/ros2_ws/install/solution_interfaces/share/solution_interfaces/cmake/export_solution_interfaces__rosidl_generator_cExport.cmake
[2.442s] -- Installing: /root/solution/ros2_ws/install/solution_interfaces/share/solution_interfaces/cmake/export_solution_interfaces__rosidl_generator_cExport-noconfig.cmake
[2.442s] -- Installing: /root/solution/ros2_ws/install/solution_interfaces/share/solution_interfaces/cmake/export_solution_interfaces__rosidl_typesupport_fastrtps_cExport.cmake
[2.442s] -- Installing: /root/solution/ros2_ws/install/solution_interfaces/share/solution_interfaces/cmake/export_solution_interfaces__rosidl_typesupport_fastrtps_cExport-noconfig.cmake
[2.442s] -- Installing: /root/solution/ros2_ws/install/solution_interfaces/share/solution_interfaces/cmake/export_solution_interfaces__rosidl_generator_cppExport.cmake
[2.442s] -- Installing: /root/solution/ros2_ws/install/solution_interfaces/share/solution_interfaces/cmake/export_solution_interfaces__rosidl_typesupport_fastrtps_cppExport.cmake
[2.442s] -- Installing: /root/solution/ros2_ws/install/solution_interfaces/share/solution_interfaces/cmake/export_solution_interfaces__rosidl_typesupport_fastrtps_cppExport-noconfig.cmake
[2.443s] -- Installing: /root/solution/ros2_ws/install/solution_interfaces/share/solution_interfaces/cmake/solution_interfaces__rosidl_typesupport_introspection_cExport.cmake
[2.443s] -- Installing: /root/solution/ros2_ws/install/solution_interfaces/share/solution_interfaces/cmake/solution_interfaces__rosidl_typesupport_introspection_cExport-noconfig.cmake
[2.443s] -- Installing: /root/solution/ros2_ws/install/solution_interfaces/share/solution_interfaces/cmake/solution_interfaces__rosidl_typesupport_cExport.cmake
[2.443s] -- Installing: /root/solution/ros2_ws/install/solution_interfaces/share/solution_interfaces/cmake/solution_interfaces__rosidl_typesupport_cExport-noconfig.cmake
[2.443s] -- Installing: /root/solution/ros2_ws/install/solution_interfaces/share/solution_interfaces/cmake/solution_interfaces__rosidl_typesupport_introspection_cppExport.cmake
[2.443s] -- Installing: /root/solution/ros2_ws/install/solution_interfaces/share/solution_interfaces/cmake/solution_interfaces__rosidl_typesupport_introspection_cppExport-noconfig.cmake
[2.443s] -- Installing: /root/solution/ros2_ws/install/solution_interfaces/share/solution_interfaces/cmake/solution_interfaces__rosidl_typesupport_cppExport.cmake
[2.443s] -- Installing: /root/solution/ros2_ws/install/solution_interfaces/share/solution_interfaces/cmake/solution_interfaces__rosidl_typesupport_cppExport-noconfig.cmake
[2.443s] -- Installing: /root/solution/ros2_ws/install/solution_interfaces/share/solution_interfaces/cmake/export_solution_interfaces__rosidl_generator_pyExport.cmake
[2.443s] -- Installing: /root/solution/ros2_ws/install/solution_interfaces/share/solution_interfaces/cmake/export_solution_interfaces__rosidl_generator_pyExport-noconfig.cmake
[2.443s] -- Installing: /root/solution/ros2_ws/install/solution_interfaces/share/solution_interfaces/cmake/rosidl_cmake-extras.cmake
[2.443s] -- Installing: /root/solution/ros2_ws/install/solution_interfaces/share/solution_interfaces/cmake/ament_cmake_export_include_directories-extras.cmake
[2.443s] -- Installing: /root/solution/ros2_ws/install/solution_interfaces/share/solution_interfaces/cmake/ament_cmake_export_libraries-extras.cmake
[2.443s] -- Installing: /root/solution/ros2_ws/install/solution_interfaces/share/solution_interfaces/cmake/ament_cmake_export_targets-extras.cmake
[2.443s] -- Installing: /root/solution/ros2_ws/install/solution_interfaces/share/solution_interfaces/cmake/rosidl_cmake_export_typesupport_targets-extras.cmake
[2.443s] -- Installing: /root/solution/ros2_ws/install/solution_interfaces/share/solution_interfaces/cmake/ament_cmake_export_dependencies-extras.cmake
[2.443s] -- Installing: /root/solution/ros2_ws/install/solution_interfaces/share/solution_interfaces/cmake/rosidl_cmake_export_typesupport_libraries-extras.cmake
[2.443s] -- Installing: /root/solution/ros2_ws/install/solution_interfaces/share/solution_interfaces/cmake/solution_interfacesConfig.cmake
[2.443s] -- Installing: /root/solution/ros2_ws/install/solution_interfaces/share/solution_interfaces/cmake/solution_interfacesConfig-version.cmake
[2.444s] -- Installing: /root/solution/ros2_ws/install/solution_interfaces/share/solution_interfaces/package.xml
[2.445s] Invoked command in '/root/solution/ros2_ws/build/solution_interfaces' returned '0': CMAKE_PREFIX_PATH=${CMAKE_PREFIX_PATH}:/opt/ros/humble /usr/bin/cmake --install /root/solution/ros2_ws/build/solution_interfaces
