[0.014s] Invoking command in '/root/solution/ros2_ws/build/solution_interfaces': CMAKE_PREFIX_PATH=${CMAKE_PREFIX_PATH}:/opt/ros/humble /usr/bin/cmake --build /root/solution/ros2_ws/build/solution_interfaces -- -j24 -l24
[0.074s] [  9%] Built target solution_interfaces__rosidl_generator_c
[0.074s] [ 12%] Built target solution_interfaces__cpp
[0.085s] [ 12%] Built target ament_cmake_python_copy_solution_interfaces
[0.100s] [ 32%] Built target solution_interfaces__rosidl_typesupport_introspection_c
[0.100s] [ 32%] Built target solution_interfaces__rosidl_typesupport_fastrtps_c
[0.102s] [ 41%] Built target solution_interfaces__rosidl_typesupport_c
[0.103s] [ 51%] Built target solution_interfaces__rosidl_typesupport_introspection_cpp
[0.114s] [ 61%] Built target solution_interfaces__rosidl_typesupport_fastrtps_cpp
[0.116s] [ 70%] Built target solution_interfaces__rosidl_typesupport_cpp
[0.143s] [ 70%] Built target solution_interfaces
[0.167s] [ 74%] Built target solution_interfaces__py
[0.196s] [ 80%] Built target solution_interfaces__rosidl_generator_py
[0.225s] [ 87%] Built target solution_interfaces__rosidl_typesupport_introspection_c__pyext
[0.226s] [ 93%] Built target solution_interfaces__rosidl_typesupport_fastrtps_c__pyext
[0.226s] [100%] Built target solution_interfaces__rosidl_typesupport_c__pyext
[0.490s] running egg_info
[0.491s] writing solution_interfaces.egg-info/PKG-INFO
[0.491s] writing dependency_links to solution_interfaces.egg-info/dependency_links.txt
[0.491s] writing top-level names to solution_interfaces.egg-info/top_level.txt
[0.496s] reading manifest file 'solution_interfaces.egg-info/SOURCES.txt'
[0.496s] writing manifest file 'solution_interfaces.egg-info/SOURCES.txt'
[0.526s] [100%] Built target ament_cmake_python_build_solution_interfaces_egg
[0.541s] Invoked command in '/root/solution/ros2_ws/build/solution_interfaces' returned '0': CMAKE_PREFIX_PATH=${CMAKE_PREFIX_PATH}:/opt/ros/humble /usr/bin/cmake --build /root/solution/ros2_ws/build/solution_interfaces -- -j24 -l24
[0.553s] Invoking command in '/root/solution/ros2_ws/build/solution_interfaces': CMAKE_PREFIX_PATH=${CMAKE_PREFIX_PATH}:/opt/ros/humble /usr/bin/cmake --install /root/solution/ros2_ws/build/solution_interfaces
[0.563s] -- Install configuration: ""
[0.564s] -- Up-to-date: /root/solution/ros2_ws/install/solution_interfaces/share/ament_index/resource_index/rosidl_interfaces/solution_interfaces
[0.564s] -- Up-to-date: /root/solution/ros2_ws/install/solution_interfaces/include/solution_interfaces/solution_interfaces
[0.564s] -- Up-to-date: /root/solution/ros2_ws/install/solution_interfaces/include/solution_interfaces/solution_interfaces/msg
[0.564s] -- Up-to-date: /root/solution/ros2_ws/install/solution_interfaces/include/solution_interfaces/solution_interfaces/msg/rosidl_generator_c__visibility_control.h
[0.564s] -- Up-to-date: /root/solution/ros2_ws/install/solution_interfaces/include/solution_interfaces/solution_interfaces/srv
[0.565s] -- Up-to-date: /root/solution/ros2_ws/install/solution_interfaces/include/solution_interfaces/solution_interfaces/srv/assign.h
[0.565s] -- Up-to-date: /root/solution/ros2_ws/install/solution_interfaces/include/solution_interfaces/solution_interfaces/srv/detail
[0.565s] -- Up-to-date: /root/solution/ros2_ws/install/solution_interfaces/include/solution_interfaces/solution_interfaces/srv/detail/assign__struct.h
[0.565s] -- Up-to-date: /root/solution/ros2_ws/install/solution_interfaces/include/solution_interfaces/solution_interfaces/srv/detail/assign__type_support.h
[0.565s] -- Up-to-date: /root/solution/ros2_ws/install/solution_interfaces/include/solution_interfaces/solution_interfaces/srv/detail/assign__functions.c
[0.565s] -- Up-to-date: /root/solution/ros2_ws/install/solution_interfaces/include/solution_interfaces/solution_interfaces/srv/detail/assign__functions.h
[0.565s] -- Up-to-date: /root/solution/ros2_ws/install/solution_interfaces/share/solution_interfaces/environment/library_path.sh
[0.565s] -- Up-to-date: /root/solution/ros2_ws/install/solution_interfaces/share/solution_interfaces/environment/library_path.dsv
[0.565s] -- Up-to-date: /root/solution/ros2_ws/install/solution_interfaces/lib/libsolution_interfaces__rosidl_generator_c.so
[0.565s] -- Up-to-date: /root/solution/ros2_ws/install/solution_interfaces/include/solution_interfaces/solution_interfaces
[0.566s] -- Up-to-date: /root/solution/ros2_ws/install/solution_interfaces/include/solution_interfaces/solution_interfaces/msg
[0.566s] -- Up-to-date: /root/solution/ros2_ws/install/solution_interfaces/include/solution_interfaces/solution_interfaces/msg/rosidl_typesupport_fastrtps_c__visibility_control.h
[0.566s] -- Up-to-date: /root/solution/ros2_ws/install/solution_interfaces/include/solution_interfaces/solution_interfaces/srv
[0.566s] -- Up-to-date: /root/solution/ros2_ws/install/solution_interfaces/include/solution_interfaces/solution_interfaces/srv/detail
[0.566s] -- Up-to-date: /root/solution/ros2_ws/install/solution_interfaces/include/solution_interfaces/solution_interfaces/srv/detail/assign__rosidl_typesupport_fastrtps_c.h
[0.566s] -- Up-to-date: /root/solution/ros2_ws/install/solution_interfaces/lib/libsolution_interfaces__rosidl_typesupport_fastrtps_c.so
[0.566s] -- Up-to-date: /root/solution/ros2_ws/install/solution_interfaces/include/solution_interfaces/solution_interfaces
[0.566s] -- Up-to-date: /root/solution/ros2_ws/install/solution_interfaces/include/solution_interfaces/solution_interfaces/msg
[0.567s] -- Up-to-date: /root/solution/ros2_ws/install/solution_interfaces/include/solution_interfaces/solution_interfaces/msg/rosidl_generator_cpp__visibility_control.hpp
[0.567s] -- Up-to-date: /root/solution/ros2_ws/install/solution_interfaces/include/solution_interfaces/solution_interfaces/srv
[0.567s] -- Up-to-date: /root/solution/ros2_ws/install/solution_interfaces/include/solution_interfaces/solution_interfaces/srv/detail
[0.567s] -- Up-to-date: /root/solution/ros2_ws/install/solution_interfaces/include/solution_interfaces/solution_interfaces/srv/detail/assign__struct.hpp
[0.567s] -- Up-to-date: /root/solution/ros2_ws/install/solution_interfaces/include/solution_interfaces/solution_interfaces/srv/detail/assign__traits.hpp
[0.567s] -- Up-to-date: /root/solution/ros2_ws/install/solution_interfaces/include/solution_interfaces/solution_interfaces/srv/detail/assign__type_support.hpp
[0.567s] -- Up-to-date: /root/solution/ros2_ws/install/solution_interfaces/include/solution_interfaces/solution_interfaces/srv/detail/assign__builder.hpp
[0.567s] -- Up-to-date: /root/solution/ros2_ws/install/solution_interfaces/include/solution_interfaces/solution_interfaces/srv/assign.hpp
[0.568s] -- Up-to-date: /root/solution/ros2_ws/install/solution_interfaces/include/solution_interfaces/solution_interfaces
[0.568s] -- Up-to-date: /root/solution/ros2_ws/install/solution_interfaces/include/solution_interfaces/solution_interfaces/msg
[0.568s] -- Up-to-date: /root/solution/ros2_ws/install/solution_interfaces/include/solution_interfaces/solution_interfaces/msg/rosidl_typesupport_fastrtps_cpp__visibility_control.h
[0.568s] -- Up-to-date: /root/solution/ros2_ws/install/solution_interfaces/include/solution_interfaces/solution_interfaces/srv
[0.568s] -- Up-to-date: /root/solution/ros2_ws/install/solution_interfaces/include/solution_interfaces/solution_interfaces/srv/detail
[0.568s] -- Up-to-date: /root/solution/ros2_ws/install/solution_interfaces/include/solution_interfaces/solution_interfaces/srv/detail/dds_fastrtps
[0.568s] -- Up-to-date: /root/solution/ros2_ws/install/solution_interfaces/include/solution_interfaces/solution_interfaces/srv/detail/assign__rosidl_typesupport_fastrtps_cpp.hpp
[0.569s] -- Up-to-date: /root/solution/ros2_ws/install/solution_interfaces/lib/libsolution_interfaces__rosidl_typesupport_fastrtps_cpp.so
[0.569s] -- Up-to-date: /root/solution/ros2_ws/install/solution_interfaces/include/solution_interfaces/solution_interfaces
[0.569s] -- Up-to-date: /root/solution/ros2_ws/install/solution_interfaces/include/solution_interfaces/solution_interfaces/msg
[0.569s] -- Up-to-date: /root/solution/ros2_ws/install/solution_interfaces/include/solution_interfaces/solution_interfaces/msg/rosidl_typesupport_introspection_c__visibility_control.h
[0.569s] -- Up-to-date: /root/solution/ros2_ws/install/solution_interfaces/include/solution_interfaces/solution_interfaces/srv
[0.569s] -- Up-to-date: /root/solution/ros2_ws/install/solution_interfaces/include/solution_interfaces/solution_interfaces/srv/detail
[0.569s] -- Up-to-date: /root/solution/ros2_ws/install/solution_interfaces/include/solution_interfaces/solution_interfaces/srv/detail/assign__rosidl_typesupport_introspection_c.h
[0.569s] -- Up-to-date: /root/solution/ros2_ws/install/solution_interfaces/include/solution_interfaces/solution_interfaces/srv/detail/assign__type_support.c
[0.569s] -- Up-to-date: /root/solution/ros2_ws/install/solution_interfaces/lib/libsolution_interfaces__rosidl_typesupport_introspection_c.so
[0.570s] -- Up-to-date: /root/solution/ros2_ws/install/solution_interfaces/lib/libsolution_interfaces__rosidl_typesupport_c.so
[0.570s] -- Up-to-date: /root/solution/ros2_ws/install/solution_interfaces/include/solution_interfaces/solution_interfaces
[0.570s] -- Up-to-date: /root/solution/ros2_ws/install/solution_interfaces/include/solution_interfaces/solution_interfaces/srv
[0.570s] -- Up-to-date: /root/solution/ros2_ws/install/solution_interfaces/include/solution_interfaces/solution_interfaces/srv/detail
[0.570s] -- Up-to-date: /root/solution/ros2_ws/install/solution_interfaces/include/solution_interfaces/solution_interfaces/srv/detail/assign__type_support.cpp
[0.570s] -- Up-to-date: /root/solution/ros2_ws/install/solution_interfaces/include/solution_interfaces/solution_interfaces/srv/detail/assign__rosidl_typesupport_introspection_cpp.hpp
[0.570s] -- Up-to-date: /root/solution/ros2_ws/install/solution_interfaces/lib/libsolution_interfaces__rosidl_typesupport_introspection_cpp.so
[0.570s] -- Up-to-date: /root/solution/ros2_ws/install/solution_interfaces/lib/libsolution_interfaces__rosidl_typesupport_cpp.so
[0.570s] -- Up-to-date: /root/solution/ros2_ws/install/solution_interfaces/share/solution_interfaces/environment/pythonpath.sh
[0.571s] -- Up-to-date: /root/solution/ros2_ws/install/solution_interfaces/share/solution_interfaces/environment/pythonpath.dsv
[0.571s] -- Up-to-date: /root/solution/ros2_ws/install/solution_interfaces/local/lib/python3.10/dist-packages/solution_interfaces-0.0.0-py3.10.egg-info
[0.571s] -- Installing: /root/solution/ros2_ws/install/solution_interfaces/local/lib/python3.10/dist-packages/solution_interfaces-0.0.0-py3.10.egg-info/dependency_links.txt
[0.571s] -- Installing: /root/solution/ros2_ws/install/solution_interfaces/local/lib/python3.10/dist-packages/solution_interfaces-0.0.0-py3.10.egg-info/SOURCES.txt
[0.571s] -- Installing: /root/solution/ros2_ws/install/solution_interfaces/local/lib/python3.10/dist-packages/solution_interfaces-0.0.0-py3.10.egg-info/top_level.txt
[0.572s] -- Installing: /root/solution/ros2_ws/install/solution_interfaces/local/lib/python3.10/dist-packages/solution_interfaces-0.0.0-py3.10.egg-info/PKG-INFO
[0.572s] -- Up-to-date: /root/solution/ros2_ws/install/solution_interfaces/local/lib/python3.10/dist-packages/solution_interfaces
[0.572s] -- Up-to-date: /root/solution/ros2_ws/install/solution_interfaces/local/lib/python3.10/dist-packages/solution_interfaces/__init__.py
[0.572s] -- Up-to-date: /root/solution/ros2_ws/install/solution_interfaces/local/lib/python3.10/dist-packages/solution_interfaces/_solution_interfaces_s.ep.rosidl_typesupport_c.c
[0.572s] -- Up-to-date: /root/solution/ros2_ws/install/solution_interfaces/local/lib/python3.10/dist-packages/solution_interfaces/_solution_interfaces_s.ep.rosidl_typesupport_fastrtps_c.c
[0.572s] -- Up-to-date: /root/solution/ros2_ws/install/solution_interfaces/local/lib/python3.10/dist-packages/solution_interfaces/srv
[0.572s] -- Up-to-date: /root/solution/ros2_ws/install/solution_interfaces/local/lib/python3.10/dist-packages/solution_interfaces/srv/__init__.py
[0.572s] -- Up-to-date: /root/solution/ros2_ws/install/solution_interfaces/local/lib/python3.10/dist-packages/solution_interfaces/srv/_assign.py
[0.573s] -- Up-to-date: /root/solution/ros2_ws/install/solution_interfaces/local/lib/python3.10/dist-packages/solution_interfaces/srv/_assign_s.c
[0.573s] -- Up-to-date: /root/solution/ros2_ws/install/solution_interfaces/local/lib/python3.10/dist-packages/solution_interfaces/libsolution_interfaces__rosidl_generator_py.so
[0.573s] -- Up-to-date: /root/solution/ros2_ws/install/solution_interfaces/local/lib/python3.10/dist-packages/solution_interfaces/_solution_interfaces_s.ep.rosidl_typesupport_introspection_c.c
[0.573s] -- Up-to-date: /root/solution/ros2_ws/install/solution_interfaces/local/lib/python3.10/dist-packages/solution_interfaces/solution_interfaces_s__rosidl_typesupport_c.cpython-310-x86_64-linux-gnu.so
[0.573s] -- Up-to-date: /root/solution/ros2_ws/install/solution_interfaces/local/lib/python3.10/dist-packages/solution_interfaces/solution_interfaces_s__rosidl_typesupport_introspection_c.cpython-310-x86_64-linux-gnu.so
[0.573s] -- Up-to-date: /root/solution/ros2_ws/install/solution_interfaces/local/lib/python3.10/dist-packages/solution_interfaces/solution_interfaces_s__rosidl_typesupport_fastrtps_c.cpython-310-x86_64-linux-gnu.so
[0.616s] Listing '/root/solution/ros2_ws/install/solution_interfaces/local/lib/python3.10/dist-packages/solution_interfaces'...
[0.616s] Listing '/root/solution/ros2_ws/install/solution_interfaces/local/lib/python3.10/dist-packages/solution_interfaces/srv'...
[0.622s] -- Up-to-date: /root/solution/ros2_ws/install/solution_interfaces/local/lib/python3.10/dist-packages/solution_interfaces/solution_interfaces_s__rosidl_typesupport_fastrtps_c.cpython-310-x86_64-linux-gnu.so
[0.622s] -- Up-to-date: /root/solution/ros2_ws/install/solution_interfaces/local/lib/python3.10/dist-packages/solution_interfaces/solution_interfaces_s__rosidl_typesupport_introspection_c.cpython-310-x86_64-linux-gnu.so
[0.623s] -- Up-to-date: /root/solution/ros2_ws/install/solution_interfaces/local/lib/python3.10/dist-packages/solution_interfaces/solution_interfaces_s__rosidl_typesupport_c.cpython-310-x86_64-linux-gnu.so
[0.623s] -- Up-to-date: /root/solution/ros2_ws/install/solution_interfaces/lib/libsolution_interfaces__rosidl_generator_py.so
[0.623s] -- Up-to-date: /root/solution/ros2_ws/install/solution_interfaces/share/solution_interfaces/srv/Assign.idl
[0.624s] -- Up-to-date: /root/solution/ros2_ws/install/solution_interfaces/share/solution_interfaces/srv/Assign.srv
[0.624s] -- Up-to-date: /root/solution/ros2_ws/install/solution_interfaces/share/solution_interfaces/srv/Assign_Request.msg
[0.624s] -- Up-to-date: /root/solution/ros2_ws/install/solution_interfaces/share/solution_interfaces/srv/Assign_Response.msg
[0.624s] -- Up-to-date: /root/solution/ros2_ws/install/solution_interfaces/share/ament_index/resource_index/package_run_dependencies/solution_interfaces
[0.624s] -- Up-to-date: /root/solution/ros2_ws/install/solution_interfaces/share/ament_index/resource_index/parent_prefix_path/solution_interfaces
[0.624s] -- Up-to-date: /root/solution/ros2_ws/install/solution_interfaces/share/solution_interfaces/environment/ament_prefix_path.sh
[0.624s] -- Up-to-date: /root/solution/ros2_ws/install/solution_interfaces/share/solution_interfaces/environment/ament_prefix_path.dsv
[0.624s] -- Up-to-date: /root/solution/ros2_ws/install/solution_interfaces/share/solution_interfaces/environment/path.sh
[0.624s] -- Up-to-date: /root/solution/ros2_ws/install/solution_interfaces/share/solution_interfaces/environment/path.dsv
[0.625s] -- Up-to-date: /root/solution/ros2_ws/install/solution_interfaces/share/solution_interfaces/local_setup.bash
[0.625s] -- Up-to-date: /root/solution/ros2_ws/install/solution_interfaces/share/solution_interfaces/local_setup.sh
[0.625s] -- Up-to-date: /root/solution/ros2_ws/install/solution_interfaces/share/solution_interfaces/local_setup.zsh
[0.625s] -- Up-to-date: /root/solution/ros2_ws/install/solution_interfaces/share/solution_interfaces/local_setup.dsv
[0.625s] -- Installing: /root/solution/ros2_ws/install/solution_interfaces/share/solution_interfaces/package.dsv
[0.625s] -- Up-to-date: /root/solution/ros2_ws/install/solution_interfaces/share/ament_index/resource_index/packages/solution_interfaces
[0.625s] -- Up-to-date: /root/solution/ros2_ws/install/solution_interfaces/share/solution_interfaces/cmake/export_solution_interfaces__rosidl_generator_cExport.cmake
[0.625s] -- Up-to-date: /root/solution/ros2_ws/install/solution_interfaces/share/solution_interfaces/cmake/export_solution_interfaces__rosidl_generator_cExport-noconfig.cmake
[0.625s] -- Up-to-date: /root/solution/ros2_ws/install/solution_interfaces/share/solution_interfaces/cmake/export_solution_interfaces__rosidl_typesupport_fastrtps_cExport.cmake
[0.625s] -- Up-to-date: /root/solution/ros2_ws/install/solution_interfaces/share/solution_interfaces/cmake/export_solution_interfaces__rosidl_typesupport_fastrtps_cExport-noconfig.cmake
[0.625s] -- Up-to-date: /root/solution/ros2_ws/install/solution_interfaces/share/solution_interfaces/cmake/export_solution_interfaces__rosidl_generator_cppExport.cmake
[0.625s] -- Up-to-date: /root/solution/ros2_ws/install/solution_interfaces/share/solution_interfaces/cmake/export_solution_interfaces__rosidl_typesupport_fastrtps_cppExport.cmake
[0.625s] -- Up-to-date: /root/solution/ros2_ws/install/solution_interfaces/share/solution_interfaces/cmake/export_solution_interfaces__rosidl_typesupport_fastrtps_cppExport-noconfig.cmake
[0.625s] -- Up-to-date: /root/solution/ros2_ws/install/solution_interfaces/share/solution_interfaces/cmake/solution_interfaces__rosidl_typesupport_introspection_cExport.cmake
[0.626s] -- Up-to-date: /root/solution/ros2_ws/install/solution_interfaces/share/solution_interfaces/cmake/solution_interfaces__rosidl_typesupport_introspection_cExport-noconfig.cmake
[0.626s] -- Up-to-date: /root/solution/ros2_ws/install/solution_interfaces/share/solution_interfaces/cmake/solution_interfaces__rosidl_typesupport_cExport.cmake
[0.626s] -- Up-to-date: /root/solution/ros2_ws/install/solution_interfaces/share/solution_interfaces/cmake/solution_interfaces__rosidl_typesupport_cExport-noconfig.cmake
[0.626s] -- Up-to-date: /root/solution/ros2_ws/install/solution_interfaces/share/solution_interfaces/cmake/solution_interfaces__rosidl_typesupport_introspection_cppExport.cmake
[0.626s] -- Up-to-date: /root/solution/ros2_ws/install/solution_interfaces/share/solution_interfaces/cmake/solution_interfaces__rosidl_typesupport_introspection_cppExport-noconfig.cmake
[0.626s] -- Up-to-date: /root/solution/ros2_ws/install/solution_interfaces/share/solution_interfaces/cmake/solution_interfaces__rosidl_typesupport_cppExport.cmake
[0.626s] -- Up-to-date: /root/solution/ros2_ws/install/solution_interfaces/share/solution_interfaces/cmake/solution_interfaces__rosidl_typesupport_cppExport-noconfig.cmake
[0.626s] -- Up-to-date: /root/solution/ros2_ws/install/solution_interfaces/share/solution_interfaces/cmake/export_solution_interfaces__rosidl_generator_pyExport.cmake
[0.627s] -- Up-to-date: /root/solution/ros2_ws/install/solution_interfaces/share/solution_interfaces/cmake/export_solution_interfaces__rosidl_generator_pyExport-noconfig.cmake
[0.627s] -- Up-to-date: /root/solution/ros2_ws/install/solution_interfaces/share/solution_interfaces/cmake/rosidl_cmake-extras.cmake
[0.627s] -- Up-to-date: /root/solution/ros2_ws/install/solution_interfaces/share/solution_interfaces/cmake/ament_cmake_export_include_directories-extras.cmake
[0.627s] -- Up-to-date: /root/solution/ros2_ws/install/solution_interfaces/share/solution_interfaces/cmake/ament_cmake_export_libraries-extras.cmake
[0.627s] -- Up-to-date: /root/solution/ros2_ws/install/solution_interfaces/share/solution_interfaces/cmake/ament_cmake_export_targets-extras.cmake
[0.627s] -- Up-to-date: /root/solution/ros2_ws/install/solution_interfaces/share/solution_interfaces/cmake/rosidl_cmake_export_typesupport_targets-extras.cmake
[0.627s] -- Up-to-date: /root/solution/ros2_ws/install/solution_interfaces/share/solution_interfaces/cmake/ament_cmake_export_dependencies-extras.cmake
[0.627s] -- Up-to-date: /root/solution/ros2_ws/install/solution_interfaces/share/solution_interfaces/cmake/rosidl_cmake_export_typesupport_libraries-extras.cmake
[0.627s] -- Up-to-date: /root/solution/ros2_ws/install/solution_interfaces/share/solution_interfaces/cmake/solution_interfacesConfig.cmake
[0.627s] -- Up-to-date: /root/solution/ros2_ws/install/solution_interfaces/share/solution_interfaces/cmake/solution_interfacesConfig-version.cmake
[0.627s] -- Up-to-date: /root/solution/ros2_ws/install/solution_interfaces/share/solution_interfaces/package.xml
[0.631s] Invoked command in '/root/solution/ros2_ws/build/solution_interfaces' returned '0': CMAKE_PREFIX_PATH=${CMAKE_PREFIX_PATH}:/opt/ros/humble /usr/bin/cmake --install /root/solution/ros2_ws/build/solution_interfaces
